Log file open, 05/05/20 15:50:45
LogWindows: Failed to load 'aqProf.dll' (GetLastError=126)
LogWindows: File 'aqProf.dll' does not exist
LogWindows: Failed to load 'VtuneApi.dll' (GetLastError=126)
LogWindows: File 'VtuneApi.dll' does not exist
LogWindows: Failed to load 'VtuneApi32e.dll' (GetLastError=126)
LogWindows: File 'VtuneApi32e.dll' does not exist
LogConsoleResponse: Display: Failed to find resolution value strings in scalability ini. Falling back to default.
LogInit: Display: Running engine for game: ProjectZero
LogPlatformFile: Not using cached read wrapper
LogTaskGraph: Started task graph with 5 named threads and 35 total threads with 3 sets of task threads.
LogStats: Stats thread started at 0.095953
LogD3D11RHI: Loaded GFSDK_Aftermath_Lib.x64.dll
LogICUInternationalization: ICU TimeZone Detection - Raw Offset: +7:00, Platform Override: ''
LogPluginManager: Mounting plugin Paper2D
LogPluginManager: Mounting plugin AISupport
LogPluginManager: Mounting plugin LightPropagationVolume
LogPluginManager: Mounting plugin ActorLayerUtilities
LogPluginManager: Mounting plugin AnimationSharing
LogPluginManager: Mounting plugin CLionSourceCodeAccess
LogPluginManager: Mounting plugin CodeLiteSourceCodeAccess
LogPluginManager: Mounting plugin GitSourceControl
LogPluginManager: Mounting plugin KDevelopSourceCodeAccess
LogPluginManager: Mounting plugin NullSourceCodeAccess
LogPluginManager: Mounting plugin PerforceSourceControl
LogPluginManager: Mounting plugin PlasticSourceControl
LogPluginManager: Mounting plugin SubversionSourceControl
LogPluginManager: Mounting plugin UObjectPlugin
LogPluginManager: Mounting plugin VisualStudioCodeSourceCodeAccess
LogPluginManager: Mounting plugin VisualStudioSourceCodeAccess
LogPluginManager: Mounting plugin XCodeSourceCodeAccess
LogPluginManager: Mounting plugin AssetManagerEditor
LogPluginManager: Mounting plugin CryptoKeys
LogPluginManager: Mounting plugin CurveEditorTools
LogPluginManager: Mounting plugin DataValidation
LogPluginManager: Mounting plugin FacialAnimation
LogPluginManager: Mounting plugin GameplayTagsEditor
LogPluginManager: Mounting plugin MacGraphicsSwitching
LogPluginManager: Mounting plugin MaterialAnalyzer
LogPluginManager: Mounting plugin MobileLauncherProfileWizard
LogPluginManager: Mounting plugin PluginBrowser
LogPluginManager: Mounting plugin SpeedTreeImporter
LogPluginManager: Mounting plugin DatasmithContent
LogPluginManager: Mounting plugin VariantManagerContent
LogPluginManager: Mounting plugin AlembicImporter
LogPluginManager: Mounting plugin AutomationUtils
LogPluginManager: Mounting plugin BackChannel
LogPluginManager: Mounting plugin CharacterAI
LogPluginManager: Mounting plugin GeometryCache
LogPluginManager: Mounting plugin PlatformCrypto
LogPluginManager: Mounting plugin ProxyLODPlugin
LogPluginManager: Mounting plugin SkeletalReduction
LogPluginManager: Mounting plugin MagicLeap
LogPluginManager: Mounting plugin MagicLeapMedia
LogPluginManager: Mounting plugin MLSDK
LogPluginManager: Mounting plugin AndroidMedia
LogPluginManager: Mounting plugin AvfMedia
LogPluginManager: Mounting plugin ImgMedia
LogPluginManager: Mounting plugin MediaCompositing
LogPluginManager: Mounting plugin MediaPlayerEditor
LogPluginManager: Mounting plugin WebMMedia
LogPluginManager: Mounting plugin WmfMedia
LogPluginManager: Mounting plugin TcpMessaging
LogPluginManager: Mounting plugin UdpMessaging
LogPluginManager: Mounting plugin ActorSequence
LogPluginManager: Mounting plugin LevelSequenceEditor
LogPluginManager: Mounting plugin MatineeToLevelSequence
LogPluginManager: Mounting plugin NetcodeUnitTest
LogPluginManager: Mounting plugin NUTUnrealEngine4
LogPluginManager: Mounting plugin OnlineSubsystemGooglePlay
LogPluginManager: Mounting plugin OnlineSubsystemIOS
LogPluginManager: Mounting plugin OnlineSubsystem
LogPluginManager: Mounting plugin OnlineSubsystemNull
LogPluginManager: Mounting plugin OnlineSubsystemUtils
LogPluginManager: Mounting plugin LauncherChunkInstaller
LogPluginManager: Mounting plugin AndroidDeviceProfileSelector
LogPluginManager: Mounting plugin AndroidMoviePlayer
LogPluginManager: Mounting plugin AndroidPermission
LogPluginManager: Mounting plugin AppleImageUtils
LogPluginManager: Mounting plugin AppleMoviePlayer
LogPluginManager: Mounting plugin ArchVisCharacter
LogPluginManager: Mounting plugin AssetTags
LogPluginManager: Mounting plugin AudioCapture
LogPluginManager: Mounting plugin CableComponent
LogPluginManager: Mounting plugin CustomMeshComponent
LogPluginManager: Mounting plugin EditableMesh
LogPluginManager: Mounting plugin ExampleDeviceProfileSelector
LogPluginManager: Mounting plugin GoogleCloudMessaging
LogPluginManager: Mounting plugin IOSDeviceProfileSelector
LogPluginManager: Mounting plugin LinuxDeviceProfileSelector
LogPluginManager: Mounting plugin LocationServicesBPLibrary
LogPluginManager: Mounting plugin MobilePatchingUtils
LogPluginManager: Mounting plugin OculusVR
LogPluginManager: Mounting plugin PhysXVehicles
LogPluginManager: Mounting plugin PostSplashScreen
LogPluginManager: Mounting plugin ProceduralMeshComponent
LogPluginManager: Mounting plugin RuntimePhysXCooking
LogPluginManager: Mounting plugin SignificanceManager
LogPluginManager: Mounting plugin SteamVR
LogPluginManager: Mounting plugin WebMMoviePlayer
LogPluginManager: Mounting plugin WindowsMoviePlayer
LogPluginManager: Mounting plugin ScreenshotTools
LogInit: Using libcurl 7.55.1-DEV
LogInit:  - built for x86_64-pc-win32
LogInit:  - supports SSL with OpenSSL/1.1.1
LogInit:  - supports HTTP deflate (compression) using libz 1.2.8
LogInit:  - other features:
LogInit:      CURL_VERSION_SSL
LogInit:      CURL_VERSION_LIBZ
LogInit:      CURL_VERSION_IPV6
LogInit:      CURL_VERSION_ASYNCHDNS
LogInit:      CURL_VERSION_LARGEFILE
LogInit:      CURL_VERSION_IDN
LogInit:  CurlRequestOptions (configurable via config and command line):
LogInit:  - bVerifyPeer = true  - Libcurl will verify peer certificate
LogInit:  - bUseHttpProxy = false  - Libcurl will NOT use HTTP proxy
LogInit:  - bDontReuseConnections = false  - Libcurl will reuse connections
LogInit:  - MaxHostConnections = 16  - Libcurl will limit the number of connections to a host
LogInit:  - LocalHostAddr = Default
LogInit:  - BufferSize = 65536
LogOnline: OSS: Creating online subsystem instance for: NULL
LogInit: WinSock: version 1.1 (2.2), MaxSocks=32767, MaxUdp=65467
LogOnline: OSS: TryLoadSubsystemAndSetDefault: Loaded subsystem for module [NULL]
LogInit: Build: ++UE4+Release-4.24-CL-11590370
LogInit: Engine Version: 4.24.3-11590370+++UE4+Release-4.24
LogInit: Compatible Engine Version: 4.24.0-10570792+++UE4+Release-4.24
LogInit: Net CL: 10570792
LogInit: OS: Windows 10 (Release 1903) (), CPU: Intel(R) Core(TM) i7-8700K CPU @ 3.70GHz, GPU: NVIDIA GeForce GTX 1070 Ti
LogInit: Compiled (64-bit): Feb 24 2020 15:39:18
LogInit: Compiled with Visual C++: 19.16.27032.01
LogInit: Build Configuration: Development
LogInit: Branch Name: ++UE4+Release-4.24
LogInit: Command Line: 
LogInit: Base Directory: C:/GameDev/Epic Games/UE/UE_4.24/Engine/Binaries/Win64/
LogInit: Installed Engine Build: 1
LogDevObjectVersion: Number of dev versions registered: 25
LogDevObjectVersion:   Dev-Blueprints (B0D832E4-1F89-4F0D-ACCF-7EB736FD4AA2): 10
LogDevObjectVersion:   Dev-Build (E1C64328-A22C-4D53-A36C-8E866417BD8C): 0
LogDevObjectVersion:   Dev-Core (375EC13C-06E4-48FB-B500-84F0262A717E): 3
LogDevObjectVersion:   Dev-Editor (E4B068ED-F494-42E9-A231-DA0B2E46BB41): 37
LogDevObjectVersion:   Dev-Framework (CFFC743F-43B0-4480-9391-14DF171D2073): 36
LogDevObjectVersion:   Dev-Mobile (B02B49B5-BB20-44E9-A304-32B752E40360): 2
LogDevObjectVersion:   Dev-Networking (A4E4105C-59A1-49B5-A7C5-40C4547EDFEE): 0
LogDevObjectVersion:   Dev-Online (39C831C9-5AE6-47DC-9A44-9C173E1C8E7C): 0
LogDevObjectVersion:   Dev-Physics (78F01B33-EBEA-4F98-B9B4-84EACCB95AA2): 2
LogDevObjectVersion:   Dev-Platform (6631380F-2D4D-43E0-8009-CF276956A95A): 0
LogDevObjectVersion:   Dev-Rendering (12F88B9F-8875-4AFC-A67C-D90C383ABD29): 36
LogDevObjectVersion:   Dev-Sequencer (7B5AE74C-D270-4C10-A958-57980B212A5A): 11
LogDevObjectVersion:   Dev-VR (D7296918-1DD6-4BDD-9DE2-64A83CC13884): 2
LogDevObjectVersion:   Dev-LoadTimes (C2A15278-BFE7-4AFE-6C17-90FF531DF755): 1
LogDevObjectVersion:   Private-Geometry (6EACA3D4-40EC-4CC1-B786-8BED09428FC5): 3
LogDevObjectVersion:   Dev-AnimPhys (29E575DD-E0A3-4627-9D10-D276232CDCEA): 17
LogDevObjectVersion:   Dev-Anim (AF43A65D-7FD3-4947-9873-3E8ED9C1BB05): 2
LogDevObjectVersion:   Dev-ReflectionCapture (6B266CEC-1EC7-4B8F-A30B-E4D90942FC07): 1
LogDevObjectVersion:   Dev-Automation (0DF73D61-A23F-47EA-B727-89E90C41499A): 1
LogDevObjectVersion:   FortniteMain (601D1886-AC64-4F84-AA16-D3DE0DEAC7D6): 31
LogDevObjectVersion:   Dev-Enterprise (9DFFBCD6-494F-0158-E221-12823C92A888): 8
LogDevObjectVersion:   Dev-Niagara (F2AED0AC-9AFE-416F-8664-AA7FFA26D6FC): 1
LogDevObjectVersion:   Dev-Destruction (174F1F0B-B4C6-45A5-B13F-2EE8D0FB917D): 9
LogDevObjectVersion:   Dev-Physics-Ext (35F94A83-E258-406C-A318-09F59610247C): 8
LogDevObjectVersion:   Dev-CineCamera (B2E18506-4273-CFC2-A54E-F4BB758BBA07): 1
LogInit: Presizing for max 25165824 objects, including 0 objects not considered by GC, pre-allocating 0 bytes for permanent pool.
LogInit: Object subsystem initialized
LogConfig: Setting CVar [[con.DebugEarlyDefault:1]]
LogConfig: Setting CVar [[r.setres:1280x720]]
[2020.05.05-08.50.45:887][  0]LogConfig: Setting CVar [[r.VSync:0]]
[2020.05.05-08.50.45:887][  0]LogConfig: Setting CVar [[r.RHICmdBypass:0]]
[2020.05.05-08.50.45:887][  0]LogConfig: Applying CVar settings from Section [/Script/Engine.RendererSettings] File [D:/GameDev/Project/UE/ProjectZero/Saved/Config/Windows/Engine.ini]
[2020.05.05-08.50.45:887][  0]LogConfig: Setting CVar [[r.GPUCrashDebugging:0]]
[2020.05.05-08.50.45:887][  0]LogConfig: Setting CVar [[r.SkinCache.CompileShaders:1]]
[2020.05.05-08.50.45:887][  0]LogConfig: Setting CVar [[r.RayTracing:1]]
[2020.05.05-08.50.45:887][  0]LogConfig: Applying CVar settings from Section [/Script/Engine.RendererOverrideSettings] File [D:/GameDev/Project/UE/ProjectZero/Saved/Config/Windows/Engine.ini]
[2020.05.05-08.50.45:887][  0]LogConfig: Applying CVar settings from Section [/Script/Engine.StreamingSettings] File [D:/GameDev/Project/UE/ProjectZero/Saved/Config/Windows/Engine.ini]
[2020.05.05-08.50.45:887][  0]LogConfig: Setting CVar [[s.MinBulkDataSizeForAsyncLoading:131072]]
[2020.05.05-08.50.45:887][  0]LogConfig: Setting CVar [[s.AsyncLoadingThreadEnabled:0]]
[2020.05.05-08.50.45:887][  0]LogConfig: Setting CVar [[s.EventDrivenLoaderEnabled:1]]
[2020.05.05-08.50.45:887][  0]LogConfig: Setting CVar [[s.WarnIfTimeLimitExceeded:0]]
[2020.05.05-08.50.45:887][  0]LogConfig: Setting CVar [[s.TimeLimitExceededMultiplier:1.5]]
[2020.05.05-08.50.45:887][  0]LogConfig: Setting CVar [[s.TimeLimitExceededMinTime:0.005]]
[2020.05.05-08.50.45:887][  0]LogConfig: Setting CVar [[s.UseBackgroundLevelStreaming:1]]
[2020.05.05-08.50.45:887][  0]LogConfig: Setting CVar [[s.PriorityAsyncLoadingExtraTime:15.0]]
[2020.05.05-08.50.45:887][  0]LogConfig: Setting CVar [[s.LevelStreamingActorsUpdateTimeLimit:5.0]]
[2020.05.05-08.50.45:887][  0]LogConfig: Setting CVar [[s.PriorityLevelStreamingActorsUpdateExtraTime:5.0]]
[2020.05.05-08.50.45:887][  0]LogConfig: Setting CVar [[s.LevelStreamingComponentsRegistrationGranularity:10]]
[2020.05.05-08.50.45:887][  0]LogConfig: Setting CVar [[s.UnregisterComponentsTimeLimit:1.0]]
[2020.05.05-08.50.45:887][  0]LogConfig: Setting CVar [[s.LevelStreamingComponentsUnregistrationGranularity:5]]
[2020.05.05-08.50.45:887][  0]LogConfig: Setting CVar [[s.FlushStreamingOnExit:1]]
[2020.05.05-08.50.45:887][  0]LogConfig: Applying CVar settings from Section [/Script/Engine.GarbageCollectionSettings] File [D:/GameDev/Project/UE/ProjectZero/Saved/Config/Windows/Engine.ini]
[2020.05.05-08.50.45:887][  0]LogConfig: Setting CVar [[gc.MaxObjectsNotConsideredByGC:1]]
[2020.05.05-08.50.45:887][  0]LogConfig: Setting CVar [[gc.SizeOfPermanentObjectPool:0]]
[2020.05.05-08.50.45:887][  0]LogConfig: Setting CVar [[gc.FlushStreamingOnGC:0]]
[2020.05.05-08.50.45:887][  0]LogConfig: Setting CVar [[gc.NumRetriesBeforeForcingGC:10]]
[2020.05.05-08.50.45:887][  0]LogConfig: Setting CVar [[gc.AllowParallelGC:1]]
[2020.05.05-08.50.45:887][  0]LogConfig: Setting CVar [[gc.TimeBetweenPurgingPendingKillObjects:61.1]]
[2020.05.05-08.50.45:887][  0]LogConfig: Setting CVar [[gc.MaxObjectsInEditor:25165824]]
[2020.05.05-08.50.45:887][  0]LogConfig: Setting CVar [[gc.IncrementalBeginDestroyEnabled:1]]
[2020.05.05-08.50.45:887][  0]LogConfig: Setting CVar [[gc.CreateGCClusters:1]]
[2020.05.05-08.50.45:888][  0]LogConfig: Setting CVar [[gc.MinGCClusterSize:5]]
[2020.05.05-08.50.45:888][  0]LogConfig: Setting CVar [[gc.ActorClusteringEnabled:0]]
[2020.05.05-08.50.45:888][  0]LogConfig: Setting CVar [[gc.BlueprintClusteringEnabled:0]]
[2020.05.05-08.50.45:888][  0]LogConfig: Setting CVar [[gc.UseDisregardForGCOnDedicatedServers:0]]
[2020.05.05-08.50.45:888][  0]LogConfig: Applying CVar settings from Section [/Script/Engine.NetworkSettings] File [D:/GameDev/Project/UE/ProjectZero/Saved/Config/Windows/Engine.ini]
[2020.05.05-08.50.45:888][  0]LogConfig: Applying CVar settings from Section [/Script/UnrealEd.CookerSettings] File [D:/GameDev/Project/UE/ProjectZero/Saved/Config/Windows/Engine.ini]
[2020.05.05-08.50.45:890][  0]LogConfig: Applying CVar settings from Section [ViewDistanceQuality@3] File [D:/GameDev/Project/UE/ProjectZero/Saved/Config/Windows/Scalability.ini]
[2020.05.05-08.50.45:890][  0]LogConfig: Setting CVar [[r.SkeletalMeshLODBias:0]]
[2020.05.05-08.50.45:890][  0]LogConfig: Setting CVar [[r.ViewDistanceScale:1.0]]
[2020.05.05-08.50.45:890][  0]LogConfig: Applying CVar settings from Section [AntiAliasingQuality@3] File [D:/GameDev/Project/UE/ProjectZero/Saved/Config/Windows/Scalability.ini]
[2020.05.05-08.50.45:890][  0]LogConfig: Setting CVar [[r.PostProcessAAQuality:4]]
[2020.05.05-08.50.45:890][  0]LogConfig: Applying CVar settings from Section [ShadowQuality@3] File [D:/GameDev/Project/UE/ProjectZero/Saved/Config/Windows/Scalability.ini]
[2020.05.05-08.50.45:890][  0]LogConfig: Setting CVar [[r.LightFunctionQuality:1]]
[2020.05.05-08.50.45:890][  0]LogConfig: Setting CVar [[r.ShadowQuality:5]]
[2020.05.05-08.50.45:890][  0]LogConfig: Setting CVar [[r.Shadow.CSM.MaxCascades:10]]
[2020.05.05-08.50.45:890][  0]LogConfig: Setting CVar [[r.Shadow.MaxResolution:2048]]
[2020.05.05-08.50.45:890][  0]LogConfig: Setting CVar [[r.Shadow.MaxCSMResolution:2048]]
[2020.05.05-08.50.45:890][  0]LogConfig: Setting CVar [[r.Shadow.RadiusThreshold:0.01]]
[2020.05.05-08.50.45:890][  0]LogConfig: Setting CVar [[r.Shadow.DistanceScale:1.0]]
[2020.05.05-08.50.45:890][  0]LogConfig: Setting CVar [[r.Shadow.CSM.TransitionScale:1.0]]
[2020.05.05-08.50.45:890][  0]LogConfig: Setting CVar [[r.Shadow.PreShadowResolutionFactor:1.0]]
[2020.05.05-08.50.45:890][  0]LogConfig: Setting CVar [[r.DistanceFieldShadowing:1]]
[2020.05.05-08.50.45:890][  0]LogConfig: Setting CVar [[r.DistanceFieldAO:1]]
[2020.05.05-08.50.45:890][  0]LogConfig: Setting CVar [[r.AOQuality:2]]
[2020.05.05-08.50.45:890][  0]LogConfig: Setting CVar [[r.VolumetricFog:1]]
[2020.05.05-08.50.45:890][  0]LogConfig: Setting CVar [[r.VolumetricFog.GridPixelSize:8]]
[2020.05.05-08.50.45:890][  0]LogConfig: Setting CVar [[r.VolumetricFog.GridSizeZ:128]]
[2020.05.05-08.50.45:890][  0]LogConfig: Setting CVar [[r.VolumetricFog.HistoryMissSupersampleCount:4]]
[2020.05.05-08.50.45:890][  0]LogConfig: Setting CVar [[r.LightMaxDrawDistanceScale:1]]
[2020.05.05-08.50.45:890][  0]LogConfig: Setting CVar [[r.CapsuleShadows:1]]
[2020.05.05-08.50.45:890][  0]LogConfig: Applying CVar settings from Section [PostProcessQuality@3] File [D:/GameDev/Project/UE/ProjectZero/Saved/Config/Windows/Scalability.ini]
[2020.05.05-08.50.45:890][  0]LogConfig: Setting CVar [[r.MotionBlurQuality:4]]
[2020.05.05-08.50.45:890][  0]LogConfig: Setting CVar [[r.AmbientOcclusionMipLevelFactor:0.4]]
[2020.05.05-08.50.45:891][  0]LogConfig: Setting CVar [[r.AmbientOcclusionMaxQuality:100]]
[2020.05.05-08.50.45:891][  0]LogConfig: Setting CVar [[r.AmbientOcclusionLevels:-1]]
[2020.05.05-08.50.45:891][  0]LogConfig: Setting CVar [[r.AmbientOcclusionRadiusScale:1.0]]
[2020.05.05-08.50.45:891][  0]LogConfig: Setting CVar [[r.DepthOfFieldQuality:2]]
[2020.05.05-08.50.45:891][  0]LogConfig: Setting CVar [[r.RenderTargetPoolMin:400]]
[2020.05.05-08.50.45:891][  0]LogConfig: Setting CVar [[r.LensFlareQuality:2]]
[2020.05.05-08.50.45:891][  0]LogConfig: Setting CVar [[r.SceneColorFringeQuality:1]]
[2020.05.05-08.50.45:891][  0]LogConfig: Setting CVar [[r.EyeAdaptationQuality:2]]
[2020.05.05-08.50.45:891][  0]LogConfig: Setting CVar [[r.BloomQuality:5]]
[2020.05.05-08.50.45:891][  0]LogConfig: Setting CVar [[r.FastBlurThreshold:100]]
[2020.05.05-08.50.45:891][  0]LogConfig: Setting CVar [[r.Upscale.Quality:3]]
[2020.05.05-08.50.45:891][  0]LogConfig: Setting CVar [[r.Tonemapper.GrainQuantization:1]]
[2020.05.05-08.50.45:891][  0]LogConfig: Setting CVar [[r.LightShaftQuality:1]]
[2020.05.05-08.50.45:891][  0]LogConfig: Setting CVar [[r.Filter.SizeScale:1]]
[2020.05.05-08.50.45:891][  0]LogConfig: Setting CVar [[r.Tonemapper.Quality:5]]
[2020.05.05-08.50.45:891][  0]LogConfig: Setting CVar [[r.DOF.Gather.AccumulatorQuality:1        ; higher gathering accumulator quality]]
[2020.05.05-08.50.45:891][  0]LogConfig: Setting CVar [[r.DOF.Gather.PostfilterMethod:1          ; Median3x3 postfilering method]]
[2020.05.05-08.50.45:891][  0]LogConfig: Setting CVar [[r.DOF.Gather.EnableBokehSettings:0       ; no bokeh simulation when gathering]]
[2020.05.05-08.50.45:891][  0]LogConfig: Setting CVar [[r.DOF.Gather.RingCount:4                 ; medium number of samples when gathering]]
[2020.05.05-08.50.45:891][  0]LogConfig: Setting CVar [[r.DOF.Scatter.ForegroundCompositing:1    ; additive foreground scattering]]
[2020.05.05-08.50.45:891][  0]LogConfig: Setting CVar [[r.DOF.Scatter.BackgroundCompositing:2    ; additive background scattering]]
[2020.05.05-08.50.45:891][  0]LogConfig: Setting CVar [[r.DOF.Scatter.EnableBokehSettings:1      ; bokeh simulation when scattering]]
[2020.05.05-08.50.45:891][  0]LogConfig: Setting CVar [[r.DOF.Scatter.MaxSpriteRatio:0.1         ; only a maximum of 10% of scattered bokeh]]
[2020.05.05-08.50.45:891][  0]LogConfig: Setting CVar [[r.DOF.Recombine.Quality:1                ; cheap slight out of focus]]
[2020.05.05-08.50.45:891][  0]LogConfig: Setting CVar [[r.DOF.Recombine.EnableBokehSettings:0    ; no bokeh simulation on slight out of focus]]
[2020.05.05-08.50.45:891][  0]LogConfig: Setting CVar [[r.DOF.TemporalAAQuality:1                ; more stable temporal accumulation]]
[2020.05.05-08.50.45:891][  0]LogConfig: Setting CVar [[r.DOF.Kernel.MaxForegroundRadius:0.025]]
[2020.05.05-08.50.45:891][  0]LogConfig: Setting CVar [[r.DOF.Kernel.MaxBackgroundRadius:0.025]]
[2020.05.05-08.50.45:891][  0]LogConfig: Applying CVar settings from Section [TextureQuality@3] File [D:/GameDev/Project/UE/ProjectZero/Saved/Config/Windows/Scalability.ini]
[2020.05.05-08.50.45:891][  0]LogConfig: Setting CVar [[r.Streaming.MipBias:0]]
[2020.05.05-08.50.45:891][  0]LogConfig: Setting CVar [[r.Streaming.AmortizeCPUToGPUCopy:0]]
[2020.05.05-08.50.45:891][  0]LogConfig: Setting CVar [[r.Streaming.MaxNumTexturesToStreamPerFrame:0]]
[2020.05.05-08.50.45:891][  0]LogConfig: Setting CVar [[r.Streaming.Boost:1]]
[2020.05.05-08.50.45:891][  0]LogConfig: Setting CVar [[r.MaxAnisotropy:8]]
[2020.05.05-08.50.45:891][  0]LogConfig: Setting CVar [[r.VT.MaxAnisotropy:8]]
[2020.05.05-08.50.45:891][  0]LogConfig: Setting CVar [[r.Streaming.LimitPoolSizeToVRAM:0]]
[2020.05.05-08.50.45:891][  0]LogConfig: Setting CVar [[r.Streaming.PoolSize:1000]]
[2020.05.05-08.50.45:891][  0]LogConfig: Setting CVar [[r.Streaming.MaxEffectiveScreenSize:0]]
[2020.05.05-08.50.45:891][  0]LogConfig: Applying CVar settings from Section [EffectsQuality@3] File [D:/GameDev/Project/UE/ProjectZero/Saved/Config/Windows/Scalability.ini]
[2020.05.05-08.50.45:891][  0]LogConfig: Setting CVar [[r.TranslucencyLightingVolumeDim:64]]
[2020.05.05-08.50.45:891][  0]LogConfig: Setting CVar [[r.RefractionQuality:2]]
[2020.05.05-08.50.45:891][  0]LogConfig: Setting CVar [[r.SSR.Quality:3]]
[2020.05.05-08.50.45:891][  0]LogConfig: Setting CVar [[r.SSR.HalfResSceneColor:0]]
[2020.05.05-08.50.45:891][  0]LogConfig: Setting CVar [[r.SceneColorFormat:4]]
[2020.05.05-08.50.45:891][  0]LogConfig: Setting CVar [[r.DetailMode:2]]
[2020.05.05-08.50.45:891][  0]LogConfig: Setting CVar [[r.TranslucencyVolumeBlur:1]]
[2020.05.05-08.50.45:891][  0]LogConfig: Setting CVar [[r.MaterialQualityLevel:1 ; High quality]]
[2020.05.05-08.50.45:891][  0]LogConfig: Setting CVar [[r.SSS.Scale:1]]
[2020.05.05-08.50.45:891][  0]LogConfig: Setting CVar [[r.SSS.SampleSet:2]]
[2020.05.05-08.50.45:891][  0]LogConfig: Setting CVar [[r.SSS.Quality:1]]
[2020.05.05-08.50.45:891][  0]LogConfig: Setting CVar [[r.SSS.HalfRes:1]]
[2020.05.05-08.50.45:891][  0]LogConfig: Setting CVar [[r.SSGI.Quality:3]]
[2020.05.05-08.50.45:891][  0]LogConfig: Setting CVar [[r.EmitterSpawnRateScale:1.0]]
[2020.05.05-08.50.45:891][  0]LogConfig: Setting CVar [[r.ParticleLightQuality:2]]
[2020.05.05-08.50.45:891][  0]LogConfig: Setting CVar [[r.SkyAtmosphere.AerialPerspectiveLUT.FastApplyOnOpaque:1 ; Always have FastSkyLUT 1 in this case to avoid wrong sky]]
[2020.05.05-08.50.45:891][  0]LogConfig: Setting CVar [[r.SkyAtmosphere.AerialPerspectiveLUT.SampleCountPerSlice:1]]
[2020.05.05-08.50.45:891][  0]LogConfig: Setting CVar [[r.SkyAtmosphere.AerialPerspectiveLUT.DepthResolution:16.0]]
[2020.05.05-08.50.45:891][  0]LogConfig: Setting CVar [[r.SkyAtmosphere.FastSkyLUT:1]]
[2020.05.05-08.50.45:891][  0]LogConfig: Setting CVar [[r.SkyAtmosphere.FastSkyLUT.SampleCountMin:4.0]]
[2020.05.05-08.50.45:891][  0]LogConfig: Setting CVar [[r.SkyAtmosphere.FastSkyLUT.SampleCountMax:32.0]]
[2020.05.05-08.50.45:891][  0]LogConfig: Setting CVar [[r.SkyAtmosphere.SampleCountMin:4.0]]
[2020.05.05-08.50.45:891][  0]LogConfig: Setting CVar [[r.SkyAtmosphere.SampleCountMax:32.0]]
[2020.05.05-08.50.45:891][  0]LogConfig: Setting CVar [[r.SkyAtmosphere.TransmittanceLUT.UseSmallFormat:0]]
[2020.05.05-08.50.45:891][  0]LogConfig: Setting CVar [[r.SkyAtmosphere.TransmittanceLUT.SampleCount:10.0]]
[2020.05.05-08.50.45:891][  0]LogConfig: Setting CVar [[r.SkyAtmosphere.MultiScatteringLUT.SampleCount:15.0]]
[2020.05.05-08.50.45:891][  0]LogConfig: Applying CVar settings from Section [FoliageQuality@3] File [D:/GameDev/Project/UE/ProjectZero/Saved/Config/Windows/Scalability.ini]
[2020.05.05-08.50.45:891][  0]LogConfig: Setting CVar [[foliage.DensityScale:1.0]]
[2020.05.05-08.50.45:891][  0]LogConfig: Setting CVar [[grass.DensityScale:1.0]]
[2020.05.05-08.50.45:891][  0]LogConfig: Applying CVar settings from Section [ShadingQuality@3] File [D:/GameDev/Project/UE/ProjectZero/Saved/Config/Windows/Scalability.ini]
[2020.05.05-08.50.45:891][  0]LogConfig: Setting CVar [[r.HairStrands.SkyLighting.SampleCount:16]]
[2020.05.05-08.50.45:891][  0]LogConfig: Setting CVar [[r.HairStrands.SkyLighting.JitterIntegration:0]]
[2020.05.05-08.50.45:891][  0]LogConfig: Setting CVar [[r.HairStrands.SkyAO.SampleCount:16]]
[2020.05.05-08.50.45:891][  0]LogInit: Selected Device Profile: [Windows]
[2020.05.05-08.50.45:891][  0]LogInit: Applying CVar settings loaded from the selected device profile: [Windows]
[2020.05.05-08.50.45:896][  0]LogHAL: Display: Platform has ~ 16 GB [17125187584 / 17179869184 / 16], which maps to Larger [LargestMinGB=32, LargerMinGB=12, DefaultMinGB=8, SmallerMinGB=6, SmallestMinGB=0)
[2020.05.05-08.50.45:896][  0]LogInit: Going up to parent DeviceProfile []
[2020.05.05-08.50.45:896][  0]LogConfig: Applying CVar settings from Section [ViewDistanceQuality@3] File [D:/GameDev/Project/UE/ProjectZero/Saved/Config/Windows/Scalability.ini]
[2020.05.05-08.50.45:896][  0]LogConfig: Setting CVar [[r.SkeletalMeshLODBias:0]]
[2020.05.05-08.50.45:896][  0]LogConfig: Setting CVar [[r.ViewDistanceScale:1.0]]
[2020.05.05-08.50.45:896][  0]LogConfig: Applying CVar settings from Section [AntiAliasingQuality@3] File [D:/GameDev/Project/UE/ProjectZero/Saved/Config/Windows/Scalability.ini]
[2020.05.05-08.50.45:896][  0]LogConfig: Setting CVar [[r.PostProcessAAQuality:4]]
[2020.05.05-08.50.45:896][  0]LogConfig: Applying CVar settings from Section [ShadowQuality@3] File [D:/GameDev/Project/UE/ProjectZero/Saved/Config/Windows/Scalability.ini]
[2020.05.05-08.50.45:896][  0]LogConfig: Setting CVar [[r.LightFunctionQuality:1]]
[2020.05.05-08.50.45:896][  0]LogConfig: Setting CVar [[r.ShadowQuality:5]]
[2020.05.05-08.50.45:896][  0]LogConfig: Setting CVar [[r.Shadow.CSM.MaxCascades:10]]
[2020.05.05-08.50.45:896][  0]LogConfig: Setting CVar [[r.Shadow.MaxResolution:2048]]
[2020.05.05-08.50.45:896][  0]LogConfig: Setting CVar [[r.Shadow.MaxCSMResolution:2048]]
[2020.05.05-08.50.45:896][  0]LogConfig: Setting CVar [[r.Shadow.RadiusThreshold:0.01]]
[2020.05.05-08.50.45:896][  0]LogConfig: Setting CVar [[r.Shadow.DistanceScale:1.0]]
[2020.05.05-08.50.45:896][  0]LogConfig: Setting CVar [[r.Shadow.CSM.TransitionScale:1.0]]
[2020.05.05-08.50.45:897][  0]LogConfig: Setting CVar [[r.Shadow.PreShadowResolutionFactor:1.0]]
[2020.05.05-08.50.45:897][  0]LogConfig: Setting CVar [[r.DistanceFieldShadowing:1]]
[2020.05.05-08.50.45:897][  0]LogConfig: Setting CVar [[r.DistanceFieldAO:1]]
[2020.05.05-08.50.45:897][  0]LogConfig: Setting CVar [[r.AOQuality:2]]
[2020.05.05-08.50.45:897][  0]LogConfig: Setting CVar [[r.VolumetricFog:1]]
[2020.05.05-08.50.45:897][  0]LogConfig: Setting CVar [[r.VolumetricFog.GridPixelSize:8]]
[2020.05.05-08.50.45:897][  0]LogConfig: Setting CVar [[r.VolumetricFog.GridSizeZ:128]]
[2020.05.05-08.50.45:897][  0]LogConfig: Setting CVar [[r.VolumetricFog.HistoryMissSupersampleCount:4]]
[2020.05.05-08.50.45:897][  0]LogConfig: Setting CVar [[r.LightMaxDrawDistanceScale:1]]
[2020.05.05-08.50.45:897][  0]LogConfig: Setting CVar [[r.CapsuleShadows:1]]
[2020.05.05-08.50.45:897][  0]LogConfig: Applying CVar settings from Section [PostProcessQuality@3] File [D:/GameDev/Project/UE/ProjectZero/Saved/Config/Windows/Scalability.ini]
[2020.05.05-08.50.45:897][  0]LogConfig: Setting CVar [[r.MotionBlurQuality:4]]
[2020.05.05-08.50.45:897][  0]LogConfig: Setting CVar [[r.AmbientOcclusionMipLevelFactor:0.4]]
[2020.05.05-08.50.45:897][  0]LogConfig: Setting CVar [[r.AmbientOcclusionMaxQuality:100]]
[2020.05.05-08.50.45:897][  0]LogConfig: Setting CVar [[r.AmbientOcclusionLevels:-1]]
[2020.05.05-08.50.45:897][  0]LogConfig: Setting CVar [[r.AmbientOcclusionRadiusScale:1.0]]
[2020.05.05-08.50.45:897][  0]LogConfig: Setting CVar [[r.DepthOfFieldQuality:2]]
[2020.05.05-08.50.45:897][  0]LogConfig: Setting CVar [[r.RenderTargetPoolMin:400]]
[2020.05.05-08.50.45:897][  0]LogConfig: Setting CVar [[r.LensFlareQuality:2]]
[2020.05.05-08.50.45:897][  0]LogConfig: Setting CVar [[r.SceneColorFringeQuality:1]]
[2020.05.05-08.50.45:897][  0]LogConfig: Setting CVar [[r.EyeAdaptationQuality:2]]
[2020.05.05-08.50.45:897][  0]LogConfig: Setting CVar [[r.BloomQuality:5]]
[2020.05.05-08.50.45:897][  0]LogConfig: Setting CVar [[r.FastBlurThreshold:100]]
[2020.05.05-08.50.45:897][  0]LogConfig: Setting CVar [[r.Upscale.Quality:3]]
[2020.05.05-08.50.45:897][  0]LogConfig: Setting CVar [[r.Tonemapper.GrainQuantization:1]]
[2020.05.05-08.50.45:897][  0]LogConfig: Setting CVar [[r.LightShaftQuality:1]]
[2020.05.05-08.50.45:897][  0]LogConfig: Setting CVar [[r.Filter.SizeScale:1]]
[2020.05.05-08.50.45:897][  0]LogConfig: Setting CVar [[r.Tonemapper.Quality:5]]
[2020.05.05-08.50.45:897][  0]LogConfig: Setting CVar [[r.DOF.Gather.AccumulatorQuality:1        ; higher gathering accumulator quality]]
[2020.05.05-08.50.45:897][  0]LogConfig: Setting CVar [[r.DOF.Gather.PostfilterMethod:1          ; Median3x3 postfilering method]]
[2020.05.05-08.50.45:897][  0]LogConfig: Setting CVar [[r.DOF.Gather.EnableBokehSettings:0       ; no bokeh simulation when gathering]]
[2020.05.05-08.50.45:897][  0]LogConfig: Setting CVar [[r.DOF.Gather.RingCount:4                 ; medium number of samples when gathering]]
[2020.05.05-08.50.45:897][  0]LogConfig: Setting CVar [[r.DOF.Scatter.ForegroundCompositing:1    ; additive foreground scattering]]
[2020.05.05-08.50.45:897][  0]LogConfig: Setting CVar [[r.DOF.Scatter.BackgroundCompositing:2    ; additive background scattering]]
[2020.05.05-08.50.45:897][  0]LogConfig: Setting CVar [[r.DOF.Scatter.EnableBokehSettings:1      ; bokeh simulation when scattering]]
[2020.05.05-08.50.45:897][  0]LogConfig: Setting CVar [[r.DOF.Scatter.MaxSpriteRatio:0.1         ; only a maximum of 10% of scattered bokeh]]
[2020.05.05-08.50.45:897][  0]LogConfig: Setting CVar [[r.DOF.Recombine.Quality:1                ; cheap slight out of focus]]
[2020.05.05-08.50.45:897][  0]LogConfig: Setting CVar [[r.DOF.Recombine.EnableBokehSettings:0    ; no bokeh simulation on slight out of focus]]
[2020.05.05-08.50.45:897][  0]LogConfig: Setting CVar [[r.DOF.TemporalAAQuality:1                ; more stable temporal accumulation]]
[2020.05.05-08.50.45:897][  0]LogConfig: Setting CVar [[r.DOF.Kernel.MaxForegroundRadius:0.025]]
[2020.05.05-08.50.45:897][  0]LogConfig: Setting CVar [[r.DOF.Kernel.MaxBackgroundRadius:0.025]]
[2020.05.05-08.50.45:897][  0]LogConfig: Applying CVar settings from Section [TextureQuality@3] File [D:/GameDev/Project/UE/ProjectZero/Saved/Config/Windows/Scalability.ini]
[2020.05.05-08.50.45:897][  0]LogConfig: Setting CVar [[r.Streaming.MipBias:0]]
[2020.05.05-08.50.45:897][  0]LogConfig: Setting CVar [[r.Streaming.AmortizeCPUToGPUCopy:0]]
[2020.05.05-08.50.45:897][  0]LogConfig: Setting CVar [[r.Streaming.MaxNumTexturesToStreamPerFrame:0]]
[2020.05.05-08.50.45:897][  0]LogConfig: Setting CVar [[r.Streaming.Boost:1]]
[2020.05.05-08.50.45:897][  0]LogConfig: Setting CVar [[r.MaxAnisotropy:8]]
[2020.05.05-08.50.45:897][  0]LogConfig: Setting CVar [[r.VT.MaxAnisotropy:8]]
[2020.05.05-08.50.45:897][  0]LogConfig: Setting CVar [[r.Streaming.LimitPoolSizeToVRAM:0]]
[2020.05.05-08.50.45:897][  0]LogConfig: Setting CVar [[r.Streaming.PoolSize:1000]]
[2020.05.05-08.50.45:897][  0]LogConfig: Setting CVar [[r.Streaming.MaxEffectiveScreenSize:0]]
[2020.05.05-08.50.45:897][  0]LogConfig: Applying CVar settings from Section [EffectsQuality@3] File [D:/GameDev/Project/UE/ProjectZero/Saved/Config/Windows/Scalability.ini]
[2020.05.05-08.50.45:897][  0]LogConfig: Setting CVar [[r.TranslucencyLightingVolumeDim:64]]
[2020.05.05-08.50.45:897][  0]LogConfig: Setting CVar [[r.RefractionQuality:2]]
[2020.05.05-08.50.45:897][  0]LogConfig: Setting CVar [[r.SSR.Quality:3]]
[2020.05.05-08.50.45:897][  0]LogConfig: Setting CVar [[r.SSR.HalfResSceneColor:0]]
[2020.05.05-08.50.45:897][  0]LogConfig: Setting CVar [[r.SceneColorFormat:4]]
[2020.05.05-08.50.45:897][  0]LogConfig: Setting CVar [[r.DetailMode:2]]
[2020.05.05-08.50.45:897][  0]LogConfig: Setting CVar [[r.TranslucencyVolumeBlur:1]]
[2020.05.05-08.50.45:897][  0]LogConfig: Setting CVar [[r.MaterialQualityLevel:1 ; High quality]]
[2020.05.05-08.50.45:897][  0]LogConfig: Setting CVar [[r.SSS.Scale:1]]
[2020.05.05-08.50.45:897][  0]LogConfig: Setting CVar [[r.SSS.SampleSet:2]]
[2020.05.05-08.50.45:897][  0]LogConfig: Setting CVar [[r.SSS.Quality:1]]
[2020.05.05-08.50.45:897][  0]LogConfig: Setting CVar [[r.SSS.HalfRes:1]]
[2020.05.05-08.50.45:897][  0]LogConfig: Setting CVar [[r.SSGI.Quality:3]]
[2020.05.05-08.50.45:897][  0]LogConfig: Setting CVar [[r.EmitterSpawnRateScale:1.0]]
[2020.05.05-08.50.45:897][  0]LogConfig: Setting CVar [[r.ParticleLightQuality:2]]
[2020.05.05-08.50.45:897][  0]LogConfig: Setting CVar [[r.SkyAtmosphere.AerialPerspectiveLUT.FastApplyOnOpaque:1 ; Always have FastSkyLUT 1 in this case to avoid wrong sky]]
[2020.05.05-08.50.45:897][  0]LogConfig: Setting CVar [[r.SkyAtmosphere.AerialPerspectiveLUT.SampleCountPerSlice:1]]
[2020.05.05-08.50.45:897][  0]LogConfig: Setting CVar [[r.SkyAtmosphere.AerialPerspectiveLUT.DepthResolution:16.0]]
[2020.05.05-08.50.45:897][  0]LogConfig: Setting CVar [[r.SkyAtmosphere.FastSkyLUT:1]]
[2020.05.05-08.50.45:897][  0]LogConfig: Setting CVar [[r.SkyAtmosphere.FastSkyLUT.SampleCountMin:4.0]]
[2020.05.05-08.50.45:897][  0]LogConfig: Setting CVar [[r.SkyAtmosphere.FastSkyLUT.SampleCountMax:32.0]]
[2020.05.05-08.50.45:897][  0]LogConfig: Setting CVar [[r.SkyAtmosphere.SampleCountMin:4.0]]
[2020.05.05-08.50.45:897][  0]LogConfig: Setting CVar [[r.SkyAtmosphere.SampleCountMax:32.0]]
[2020.05.05-08.50.45:897][  0]LogConfig: Setting CVar [[r.SkyAtmosphere.TransmittanceLUT.UseSmallFormat:0]]
[2020.05.05-08.50.45:897][  0]LogConfig: Setting CVar [[r.SkyAtmosphere.TransmittanceLUT.SampleCount:10.0]]
[2020.05.05-08.50.45:897][  0]LogConfig: Setting CVar [[r.SkyAtmosphere.MultiScatteringLUT.SampleCount:15.0]]
[2020.05.05-08.50.45:897][  0]LogConfig: Applying CVar settings from Section [FoliageQuality@3] File [D:/GameDev/Project/UE/ProjectZero/Saved/Config/Windows/Scalability.ini]
[2020.05.05-08.50.45:897][  0]LogConfig: Setting CVar [[foliage.DensityScale:1.0]]
[2020.05.05-08.50.45:897][  0]LogConfig: Setting CVar [[grass.DensityScale:1.0]]
[2020.05.05-08.50.45:897][  0]LogConfig: Applying CVar settings from Section [ShadingQuality@3] File [D:/GameDev/Project/UE/ProjectZero/Saved/Config/Windows/Scalability.ini]
[2020.05.05-08.50.45:897][  0]LogConfig: Setting CVar [[r.HairStrands.SkyLighting.SampleCount:16]]
[2020.05.05-08.50.45:897][  0]LogConfig: Setting CVar [[r.HairStrands.SkyLighting.JitterIntegration:0]]
[2020.05.05-08.50.45:898][  0]LogConfig: Setting CVar [[r.HairStrands.SkyAO.SampleCount:16]]
[2020.05.05-08.50.45:898][  0]LogConfig: Applying CVar settings from Section [Startup] File [../../../Engine/Config/ConsoleVariables.ini]
[2020.05.05-08.50.45:898][  0]LogConfig: Setting CVar [[net.UseAdaptiveNetUpdateFrequency:0]]
[2020.05.05-08.50.45:898][  0]LogConfig: Setting CVar [[p.chaos.AllowCreatePhysxBodies:1]]
[2020.05.05-08.50.45:898][  0]LogConfig: Applying CVar settings from Section [ConsoleVariables] File [D:/GameDev/Project/UE/ProjectZero/Saved/Config/Windows/Engine.ini]
[2020.05.05-08.50.45:898][  0]LogInit: Computer: NINTH
[2020.05.05-08.50.45:898][  0]LogInit: User: Edel
[2020.05.05-08.50.45:898][  0]LogInit: CPU Page size=4096, Cores=6
[2020.05.05-08.50.45:898][  0]LogInit: High frequency timer resolution =10.000000 MHz
[2020.05.05-08.50.45:898][  0]LogMemory: Memory total: Physical=15.9GB (16GB approx)
[2020.05.05-08.50.45:898][  0]LogMemory: Platform Memory Stats for Windows
[2020.05.05-08.50.45:898][  0]LogMemory: Process Physical Memory: 105.57 MB used, 105.57 MB peak
[2020.05.05-08.50.45:898][  0]LogMemory: Process Virtual Memory: 101.44 MB used, 101.44 MB peak
[2020.05.05-08.50.45:898][  0]LogMemory: Physical Memory: 10172.45 MB used,  6159.40 MB free, 16331.85 MB total
[2020.05.05-08.50.45:898][  0]LogMemory: Virtual Memory: 5159.39 MB used,  134212568.00 MB free, 134217728.00 MB total
[2020.05.05-08.50.45:901][  0]LogWindows: WindowsPlatformFeatures enabled
[2020.05.05-08.50.45:933][  0]LogInit: Using OS detected language (ru-RU).
[2020.05.05-08.50.45:933][  0]LogInit: Using OS detected locale (en-VG).
[2020.05.05-08.50.45:934][  0]LogTextLocalizationManager: No specific localization for 'ru-RU' exists, so the 'ru' localization will be used.
[2020.05.05-08.50.45:934][  0]LogTextLocalizationResource: LocRes '../../../Engine/Content/Localization/Editor/ru/Editor.locres' could not be opened for reading!
[2020.05.05-08.50.45:934][  0]LogTextLocalizationResource: LocRes '../../../Engine/Content/Localization/EditorTutorials/ru/EditorTutorials.locres' could not be opened for reading!
[2020.05.05-08.50.45:935][  0]LogTextLocalizationResource: LocRes '../../../Engine/Content/Localization/Keywords/ru/Keywords.locres' could not be opened for reading!
[2020.05.05-08.50.45:935][  0]LogTextLocalizationResource: LocRes '../../../Engine/Content/Localization/Category/ru/Category.locres' could not be opened for reading!
[2020.05.05-08.50.45:936][  0]LogTextLocalizationResource: LocRes '../../../Engine/Content/Localization/ToolTips/ru/ToolTips.locres' could not be opened for reading!
[2020.05.05-08.50.45:936][  0]LogTextLocalizationResource: LocRes '../../../Engine/Content/Localization/PropertyNames/ru/PropertyNames.locres' could not be opened for reading!
[2020.05.05-08.50.45:936][  0]LogTextLocalizationResource: LocRes '../../../Engine/Content/Localization/Engine/ru/Engine.locres' could not be opened for reading!
[2020.05.05-08.50.45:938][  0]LogInit: Setting process to per monitor DPI aware
[2020.05.05-08.50.45:965][  0]LogSlate: New Slate User Created.  User Index 0, Is Virtual User: 0
[2020.05.05-08.50.45:965][  0]LogSlate: Slate User Registered.  User Index 0, Is Virtual User: 0
[2020.05.05-08.50.46:141][  0]LogD3D12RHI: Aftermath initialized
[2020.05.05-08.50.46:141][  0]LogD3D12RHI: Loading WinPixEventRuntime.dll for PIX profiling (from ../../../Engine/Binaries/ThirdParty/Windows/DirectX/x64).
[2020.05.05-08.50.46:151][  0]LogHMD: Failed to initialize OpenVR with code 110
[2020.05.05-08.50.46:254][  0]LogD3D12RHI: Found D3D12 adapter 0: NVIDIA GeForce GTX 1070 Ti (Max supported Feature Level 12_1)
[2020.05.05-08.50.46:254][  0]LogD3D12RHI: Adapter has 8079MB of dedicated video memory, 0MB of dedicated system memory, and 8165MB of shared system memory, 1 output[s]
[2020.05.05-08.50.46:266][  0]LogD3D12RHI: Found D3D12 adapter 1: Microsoft Basic Render Driver (Max supported Feature Level 12_1)
[2020.05.05-08.50.46:266][  0]LogD3D12RHI: Adapter has 0MB of dedicated video memory, 0MB of dedicated system memory, and 8165MB of shared system memory, 0 output[s]
[2020.05.05-08.50.46:266][  0]LogD3D12RHI: Forcing D3D12.AsyncDeferredDeletion=0 as a workaround for a deadlock.
[2020.05.05-08.50.46:266][  0]LogD3D12RHI: Chosen D3D12 Adapter Id = 0
[2020.05.05-08.50.46:274][  0]LogD3D12RHI: Emitting draw events for PIX profiling.
[2020.05.05-08.50.46:332][  0]LogD3D12RHI: D3D12 ray tracing enabled.
[2020.05.05-08.50.46:332][  0]LogD3D12RHI: The system supports ID3D12Device1.
[2020.05.05-08.50.46:332][  0]LogD3D12RHI: The system supports ID3D12Device2.
[2020.05.05-08.50.46:437][  0]LogD3D12RHI: Display: Not using pipeline state disk cache per r.D3D12.PSO.DiskCache=0
[2020.05.05-08.50.46:437][  0]LogD3D12RHI: Display: Not using driver-optimized pipeline state disk cache per r.D3D12.PSO.DriverOptimizedDiskCache=0
[2020.05.05-08.50.46:442][  0]LogD3D12RHI:     GPU DeviceId: 0x1b82 (for the marketing name, search the web for "GPU Device Id")
[2020.05.05-08.50.46:442][  0]LogWindows: EnumDisplayDevices:
[2020.05.05-08.50.46:442][  0]LogWindows:    0. 'NVIDIA GeForce GTX 1070 Ti' (P:1 D:1)
[2020.05.05-08.50.46:442][  0]LogWindows:    1. 'NVIDIA GeForce GTX 1070 Ti' (P:0 D:0)
[2020.05.05-08.50.46:442][  0]LogWindows:    2. 'NVIDIA GeForce GTX 1070 Ti' (P:0 D:0)
[2020.05.05-08.50.46:443][  0]LogWindows:    3. 'NVIDIA GeForce GTX 1070 Ti' (P:0 D:0)
[2020.05.05-08.50.46:443][  0]LogWindows: DebugString: FoundDriverCount:4 
[2020.05.05-08.50.46:443][  0]LogD3D12RHI:     Adapter Name: NVIDIA GeForce GTX 1070 Ti
[2020.05.05-08.50.46:443][  0]LogD3D12RHI:   Driver Version: 445.87 (internal:26.21.14.4587, unified:445.87)
[2020.05.05-08.50.46:443][  0]LogD3D12RHI:      Driver Date: 4-3-2020
[2020.05.05-08.50.46:443][  0]LogRHI: Texture pool is 4326 MB (70% of 6180 MB)
[2020.05.05-08.50.46:443][  0]LogD3D12RHI: Async texture creation enabled
[2020.05.05-08.50.46:443][  0]LogD3D12RHI: RHI has support for 64 bit atomics
[2020.05.05-08.50.46:798][  0]LogTargetPlatformManager: Display: Loaded TargetPlatform 'AllDesktop'
[2020.05.05-08.50.46:827][  0]LogTargetPlatformManager: Display: Loaded TargetPlatform 'Android'
[2020.05.05-08.50.46:827][  0]LogTargetPlatformManager: Display: Loaded TargetPlatform 'Android_ASTC'
[2020.05.05-08.50.46:827][  0]LogTargetPlatformManager: Display: Loaded TargetPlatform 'Android_ATC'
[2020.05.05-08.50.46:827][  0]LogTargetPlatformManager: Display: Loaded TargetPlatform 'Android_DXT'
[2020.05.05-08.50.46:827][  0]LogTargetPlatformManager: Display: Loaded TargetPlatform 'Android_ETC1'
[2020.05.05-08.50.46:827][  0]LogTargetPlatformManager: Display: Loaded TargetPlatform 'Android_ETC1a'
[2020.05.05-08.50.46:827][  0]LogTargetPlatformManager: Display: Loaded TargetPlatform 'Android_ETC2'
[2020.05.05-08.50.46:827][  0]LogTargetPlatformManager: Display: Loaded TargetPlatform 'Android_PVRTC'
[2020.05.05-08.50.46:827][  0]LogTargetPlatformManager: Display: Loaded TargetPlatform 'AndroidClient'
[2020.05.05-08.50.46:827][  0]LogTargetPlatformManager: Display: Loaded TargetPlatform 'Android_ASTCClient'
[2020.05.05-08.50.46:827][  0]LogTargetPlatformManager: Display: Loaded TargetPlatform 'Android_ATCClient'
[2020.05.05-08.50.46:827][  0]LogTargetPlatformManager: Display: Loaded TargetPlatform 'Android_DXTClient'
[2020.05.05-08.50.46:827][  0]LogTargetPlatformManager: Display: Loaded TargetPlatform 'Android_ETC1Client'
[2020.05.05-08.50.46:827][  0]LogTargetPlatformManager: Display: Loaded TargetPlatform 'Android_ETC1aClient'
[2020.05.05-08.50.46:827][  0]LogTargetPlatformManager: Display: Loaded TargetPlatform 'Android_ETC2Client'
[2020.05.05-08.50.46:827][  0]LogTargetPlatformManager: Display: Loaded TargetPlatform 'Android_PVRTCClient'
[2020.05.05-08.50.46:827][  0]LogTargetPlatformManager: Display: Loaded TargetPlatform 'Android_Multi'
[2020.05.05-08.50.46:827][  0]LogTargetPlatformManager: Display: Loaded TargetPlatform 'Android_MultiClient'
[2020.05.05-08.50.46:849][  0]LogTargetPlatformManager: Display: Loaded TargetPlatform 'IOSClient'
[2020.05.05-08.50.46:849][  0]LogTargetPlatformManager: Display: Loaded TargetPlatform 'IOS'
[2020.05.05-08.50.46:858][  0]LogTargetPlatformManager: Display: Loaded TargetPlatform 'LinuxNoEditor'
[2020.05.05-08.50.46:867][  0]LogTargetPlatformManager: Display: Loaded TargetPlatform 'LinuxClient'
[2020.05.05-08.50.46:876][  0]LogTargetPlatformManager: Display: Loaded TargetPlatform 'LinuxServer'
[2020.05.05-08.50.46:885][  0]LogTargetPlatformManager: Display: Loaded TargetPlatform 'LinuxAArch64NoEditor'
[2020.05.05-08.50.46:894][  0]LogTargetPlatformManager: Display: Loaded TargetPlatform 'LinuxAArch64Client'
[2020.05.05-08.50.46:902][  0]LogTargetPlatformManager: Display: Loaded TargetPlatform 'LinuxAArch64Server'
[2020.05.05-08.50.46:931][  0]LogTargetPlatformManager: Display: Loaded TargetPlatform 'Lumin'
[2020.05.05-08.50.46:931][  0]LogTargetPlatformManager: Display: Loaded TargetPlatform 'LuminClient'
[2020.05.05-08.50.46:948][  0]LogTargetPlatformManager: Display: Loaded TargetPlatform 'TVOSClient'
[2020.05.05-08.50.46:948][  0]LogTargetPlatformManager: Display: Loaded TargetPlatform 'TVOS'
[2020.05.05-08.50.46:956][  0]LogTargetPlatformManager: Display: Loaded TargetPlatform 'WindowsNoEditor'
[2020.05.05-08.50.46:965][  0]LogTargetPlatformManager: Display: Loaded TargetPlatform 'Windows'
[2020.05.05-08.50.46:974][  0]LogTargetPlatformManager: Display: Loaded TargetPlatform 'WindowsClient'
[2020.05.05-08.50.46:982][  0]LogTargetPlatformManager: Display: Loaded TargetPlatform 'WindowsServer'
[2020.05.05-08.50.46:982][  0]LogTargetPlatformManager: Display: Building Assets For Windows
[2020.05.05-08.50.46:987][  0]LogAudioDebug: Display: Lib vorbis DLL was dynamically loaded.
[2020.05.05-08.50.47:045][  0]LogShaderCompilers: Guid format shader working directory is 10 characters bigger than the processId version (D:/GameDev/Project/UE/ProjectZero/Intermediate/Shaders/WorkingDirectory/27764/).
[2020.05.05-08.50.47:045][  0]LogShaderCompilers: Cleaned the shader compiler working directory 'C:/Users/Max/AppData/Local/Temp/UnrealShaderWorkingDir/1AB1C1F8403269E033ECF689FD0A057C/'.
[2020.05.05-08.50.47:046][  0]LogXGEController: Cannot use XGE Controller as Incredibuild is not installed on this machine.
[2020.05.05-08.50.47:046][  0]LogShaderCompilers: Cannot use XGE Shader Compiler as Incredibuild is not installed on this machine.
[2020.05.05-08.50.47:046][  0]LogShaderCompilers: Display: Using Local Shader Compiler.
[2020.05.05-08.50.47:681][  0]LogDerivedDataCache: Display: Max Cache Size: 512 MB
[2020.05.05-08.50.47:735][  0]LogDerivedDataCache: Loaded boot cache 0.05s 92MB C:/Users/Max/AppData/Local/UnrealEngine/4.24/DerivedDataCache/Boot.ddc.
[2020.05.05-08.50.47:735][  0]LogDerivedDataCache: Display: Loaded Boot cache: C:/Users/Max/AppData/Local/UnrealEngine/4.24/DerivedDataCache/Boot.ddc
[2020.05.05-08.50.47:735][  0]LogDerivedDataCache: FDerivedDataBackendGraph:  Pak pak cache file D:/GameDev/Project/UE/ProjectZero/DerivedDataCache/DDC.ddp not found, will not use a pak cache.
[2020.05.05-08.50.47:735][  0]LogDerivedDataCache: Unable to find inner node Pak for hierarchical cache Hierarchy.
[2020.05.05-08.50.47:735][  0]LogDerivedDataCache: FDerivedDataBackendGraph:  CompressedPak pak cache file D:/GameDev/Project/UE/ProjectZero/DerivedDataCache/Compressed.ddp not found, will not use a pak cache.
[2020.05.05-08.50.47:735][  0]LogDerivedDataCache: Unable to find inner node CompressedPak for hierarchical cache Hierarchy.
[2020.05.05-08.50.47:744][  0]LogDerivedDataCache: Display: Pak cache opened for reading ../../../Engine/DerivedDataCache/Compressed.ddp.
[2020.05.05-08.50.47:744][  0]LogDerivedDataCache: FDerivedDataBackendGraph:  EnterprisePak pak cache file ../../../Enterprise/DerivedDataCache/Compressed.ddp not found, will not use a pak cache.
[2020.05.05-08.50.47:744][  0]LogDerivedDataCache: Unable to find inner node EnterprisePak for hierarchical cache Hierarchy.
[2020.05.05-08.50.47:745][  0]LogDerivedDataCache: Using Local data cache path C:/Users/Max/AppData/Local/UnrealEngine/Common/DerivedDataCache: Writable
[2020.05.05-08.50.47:745][  0]LogDerivedDataCache: Shared data cache path not found in *engine.ini, will not use an Shared cache.
[2020.05.05-08.50.47:745][  0]LogDerivedDataCache: Unable to find inner node Shared for hierarchical cache Hierarchy.
[2020.05.05-08.50.47:770][  0]LogMaterial: Verifying Global Shaders for PCD3D_SM5
[2020.05.05-08.50.47:772][  0]LogSlate: Using FreeType 2.10.0
[2020.05.05-08.50.47:773][  0]LogSlate: SlateFontServices - WITH_FREETYPE: 1, WITH_HARFBUZZ: 1
[2020.05.05-08.50.47:824][  0]LogAssetRegistry: FAssetRegistry took 0.0022 seconds to start up
[2020.05.05-08.50.48:080][  0]LogInit: Selected Device Profile: [Windows]
[2020.05.05-08.50.48:245][  0]LogMeshReduction: Using QuadricMeshReduction for automatic static mesh reduction
[2020.05.05-08.50.48:245][  0]LogMeshReduction: Using SimplygonMeshReduction for automatic skeletal mesh reduction
[2020.05.05-08.50.48:246][  0]LogMeshReduction: Using ProxyLODMeshReduction for automatic mesh merging
[2020.05.05-08.50.48:246][  0]LogMeshReduction: No distributed automatic mesh merging module available
[2020.05.05-08.50.48:246][  0]LogMeshMerging: No distributed automatic mesh merging module available
[2020.05.05-08.50.48:284][  0]LogNetVersion: ProjectZero 1.0.0, NetCL: 10570792, EngineNetVer: 13, GameNetVer: 0 (Checksum: 2714055817)
[2020.05.05-08.50.49:369][  0]LogPackageLocalizationCache: Processed 10 localized package path(s) for 1 prioritized culture(s) in 0.049710 seconds
[2020.05.05-08.50.49:375][  0]LogUObjectArray: 46750 objects as part of root set at end of initial load.
[2020.05.05-08.50.49:375][  0]LogUObjectAllocator: 8137160 out of 0 bytes used by permanent object pool.
[2020.05.05-08.50.49:375][  0]LogUObjectArray: CloseDisregardForGC: 0/0 objects in disregard for GC pool
[2020.05.05-08.50.49:541][  0]LogD3D12RHI: Creating RTPSO with 3 shaders (0 cached, 3 new) took 45.58 ms. Compile time 23.48 ms, link time 21.93 ms.
[2020.05.05-08.50.49:552][  0]LogD3D12RHI: Creating RTPSO with 3 shaders (1 cached, 2 new) took 11.52 ms. Compile time 10.37 ms, link time 1.15 ms.
[2020.05.05-08.50.49:913][  0]LogTcpMessaging: Initializing TcpMessaging bridge
[2020.05.05-08.50.49:917][  0]LogUdpMessaging: Initializing bridge on interface 0.0.0.0:0 to multicast group 230.0.0.1:6666.
[2020.05.05-08.50.49:981][  0]SourceControl: Source control is disabled
[2020.05.05-08.50.49:981][  0]SourceControl: Source control is disabled
[2020.05.05-08.50.49:984][  0]SourceControl: Source control is disabled
[2020.05.05-08.50.49:986][  0]SourceControl: Source control is disabled
[2020.05.05-08.50.49:987][  0]SourceControl: Source control is disabled
[2020.05.05-08.50.50:136][  0]LogAndroidPermission: UAndroidPermissionCallbackProxy::GetInstance
[2020.05.05-08.50.50:154][  0]LogAudioCaptureCore: Display: No Audio Capture implementations found. Audio input will be silent.
[2020.05.05-08.50.50:154][  0]LogAudioCaptureCore: Display: No Audio Capture implementations found. Audio input will be silent.
[2020.05.05-08.50.50:249][  0]LogOcInput: OculusInput pre-init called
[2020.05.05-08.50.50:268][  0]LogWindows: Failed to load 'OVRPlugin.dll' (GetLastError=126)
[2020.05.05-08.50.50:268][  0]LogWindows: File 'OVRPlugin.dll' does not exist
[2020.05.05-08.50.50:332][  0]LogEngine: Initializing Engine...
[2020.05.05-08.50.50:334][  0]LogHMD: Failed to initialize OpenVR with code 110
[2020.05.05-08.50.50:334][  0]LogStats: UGameplayTagsManager::InitializeManager -  0.000 s
[2020.05.05-08.50.50:720][  0]LogInit: Initializing FReadOnlyCVARCache
[2020.05.05-08.50.50:727][  0]LogAIModule: Creating AISystem for world Untitled
[2020.05.05-08.50.50:730][  0]LogAudioMixer: Display: Audio Mixer Platform Settings:
[2020.05.05-08.50.50:730][  0]LogAudioMixer: Display: 	Sample Rate:						  48000
[2020.05.05-08.50.50:730][  0]LogAudioMixer: Display: 	Callback Buffer Frame Size Requested: 1024
[2020.05.05-08.50.50:730][  0]LogAudioMixer: Display: 	Callback Buffer Frame Size To Use:	  1024
[2020.05.05-08.50.50:730][  0]LogAudioMixer: Display: 	Number of buffers to queue:			  2
[2020.05.05-08.50.50:730][  0]LogAudioMixer: Display: 	Max Channels (voices):				  32
[2020.05.05-08.50.50:730][  0]LogAudioMixer: Display: 	Number of Async Source Workers:		  0
[2020.05.05-08.50.50:730][  0]LogAudio: Display: AudioDevice MaxSources: 32
[2020.05.05-08.50.50:730][  0]LogAudio: Display: Using built-in audio occlusion.
[2020.05.05-08.50.50:730][  0]LogAudioMixer: Display: Initializing audio mixer.
[2020.05.05-08.50.50:755][  0]LogAudioMixer: Display: Audio Device Output Speaker Info:
[2020.05.05-08.50.50:755][  0]LogAudioMixer: Display: Name: Динамики (Razer Surround Audio Controller)
[2020.05.05-08.50.50:755][  0]LogAudioMixer: Display: Is Default: Yes
[2020.05.05-08.50.50:755][  0]LogAudioMixer: Display: Sample Rate: 48000
[2020.05.05-08.50.50:755][  0]LogAudioMixer: Display: Channel Count Used: 8
[2020.05.05-08.50.50:755][  0]LogAudioMixer: Display: Device Channel Count: 8
[2020.05.05-08.50.50:755][  0]LogAudioMixer: Display: Channel Order:
[2020.05.05-08.50.50:755][  0]LogAudioMixer: Display: 0: FrontLeft
[2020.05.05-08.50.50:755][  0]LogAudioMixer: Display: 1: FrontRight
[2020.05.05-08.50.50:755][  0]LogAudioMixer: Display: 2: FrontCenter
[2020.05.05-08.50.50:755][  0]LogAudioMixer: Display: 3: LowFrequency
[2020.05.05-08.50.50:755][  0]LogAudioMixer: Display: 4: BackLeft
[2020.05.05-08.50.50:755][  0]LogAudioMixer: Display: 5: BackRight
[2020.05.05-08.50.50:755][  0]LogAudioMixer: Display: 6: SideLeft
[2020.05.05-08.50.50:755][  0]LogAudioMixer: Display: 7: SideRight
[2020.05.05-08.50.50:774][  0]LogAudioMixer: Display: Using Audio Device Динамики (Razer Surround Audio Controller)
[2020.05.05-08.50.50:780][  0]LogInit: FAudioDevice initialized.
[2020.05.05-08.50.50:781][  0]LogNetVersion: Set ProjectVersion to 1.0.0.0. Version Checksum will be recalculated on next use.
[2020.05.05-08.50.50:858][  0]LogDerivedDataCache: Saved boot cache 0.08s 112MB C:/Users/Max/AppData/Local/UnrealEngine/4.24/DerivedDataCache/Boot.ddc.
[2020.05.05-08.50.50:862][  0]LogInit: Texture streaming: Enabled
[2020.05.05-08.50.50:874][  0]LogEngineSessionManager: EngineSessionManager initialized
[2020.05.05-08.50.50:874][  0]LogEditorSessionSummary: Verbose: Initializing EditorSessionSummaryWriter for editor session tracking
[2020.05.05-08.50.50:877][  0]LogEditorSessionSummary: EditorSessionSummaryWriter initialized
[2020.05.05-08.50.50:907][  0]LogInit: Transaction tracking system initialized
[2020.05.05-08.50.50:923][  0]BlueprintLog: New page: Editor Load
[2020.05.05-08.50.50:969][  0]LocalizationService: Localization service is disabled
[2020.05.05-08.50.51:334][  0]LogFileCache: Scanning file cache for directory 'D:/GameDev/Project/UE/ProjectZero/Content/' took 0.00s
[2020.05.05-08.50.51:334][  0]LogCook: Display: Max memory allowance for cook 16384mb min free memory 0mb
[2020.05.05-08.50.51:334][  0]LogCook: Display: Mobile HDR setting 1
[2020.05.05-08.50.52:018][  0]SourceControl: Source control is disabled
[2020.05.05-08.50.52:018][  0]Cmd: MAP LOAD FILE="D:/GameDev/Project/UE/ProjectZero/Content/StarterContent/Maps/Minimal_Default.umap" TEMPLATE=0 SHOWPROGRESS=1 FEATURELEVEL=3
[2020.05.05-08.50.52:035][  0]LightingResults: New page: Lighting Build
[2020.05.05-08.50.52:036][  0]LogWorld: UWorld::CleanupWorld for Untitled, bSessionEnded=true, bCleanupResources=true
[2020.05.05-08.50.52:036][  0]LogSlate: InvalidateAllWidgets triggered.  All widgets were invalidated
[2020.05.05-08.50.52:037][  0]MapCheck: New page: Map Check
[2020.05.05-08.50.52:037][  0]LightingResults: New page: Lighting Build
[2020.05.05-08.50.52:061][  0]LogUObjectHash: Compacting FUObjectHashTables data took   1.29ms
[2020.05.05-08.50.52:730][  0]LogStaticMesh: Building static mesh Floor_400x400...
[2020.05.05-08.50.52:738][  0]LogStaticMesh: Built static mesh [0.01s] /Game/StarterContent/Architecture/Floor_400x400.Floor_400x400
[2020.05.05-08.50.52:844][  0]LogAIModule: Creating AISystem for world Minimal_Default
[2020.05.05-08.50.52:851][  0]LogEditorServer: Finished looking for orphan Actors (0.000 secs)
[2020.05.05-08.50.52:900][  0]LogUObjectHash: Compacting FUObjectHashTables data took   1.74ms
[2020.05.05-08.50.52:900][  0]Cmd: MAP CHECKDEP NOCLEARLOG
[2020.05.05-08.50.52:901][  0]MapCheck: Map check complete: 0 Error(s), 0 Warning(s), took 0.143ms to complete.
[2020.05.05-08.50.52:901][  0]LogFileHelpers: Loading map 'Minimal_Default' took 0.882
[2020.05.05-08.50.53:098][  0]LogSlate: Updating window title bar state: overlay mode, drag disabled, window buttons hidden, title bar hidden
[2020.05.05-08.50.53:105][  0]LogSlate: Updating window title bar state: overlay mode, drag disabled, window buttons hidden, title bar hidden
[2020.05.05-08.50.53:111][  0]LogSlate: Updating window title bar state: overlay mode, drag disabled, window buttons hidden, title bar hidden
[2020.05.05-08.50.53:117][  0]LogSlate: Updating window title bar state: overlay mode, drag disabled, window buttons hidden, title bar hidden
[2020.05.05-08.50.53:131][  0]LogCollectionManager: Loaded 0 collections in 0.001643 seconds
[2020.05.05-08.50.53:159][  0]LogFileCache: Scanning file cache for directory 'D:/GameDev/Project/UE/ProjectZero/Saved/Collections/' took 0.00s
[2020.05.05-08.50.53:159][  0]LogFileCache: Scanning file cache for directory 'D:/GameDev/Project/UE/ProjectZero/Content/Developers/Edel/Collections/' took 0.00s
[2020.05.05-08.50.53:159][  0]LogFileCache: Scanning file cache for directory 'D:/GameDev/Project/UE/ProjectZero/Content/Collections/' took 0.00s
[2020.05.05-08.50.53:159][  0]LogContentBrowser: Native class hierarchy populated in 0.0069 seconds. Added 3015 classes and 717 folders.
[2020.05.05-08.50.53:169][  0]LogContentBrowser: Native class hierarchy updated for 'WidgetCarousel' in 0.0002 seconds. Added 0 classes and 0 folders.
[2020.05.05-08.50.53:301][  0]LogContentBrowser: Native class hierarchy updated for 'AddContentDialog' in 0.0002 seconds. Added 0 classes and 0 folders.
[2020.05.05-08.50.53:311][  0]LogContentBrowser: Native class hierarchy updated for 'SceneOutliner' in 0.0003 seconds. Added 2 classes and 3 folders.
[2020.05.05-08.50.53:455][  0]LogSlate: Took 0.000234 seconds to synchronously load lazily loaded font '../../../Engine/Content/Slate/Fonts/Roboto-Regular.ttf' (155K)
[2020.05.05-08.50.53:458][  0]LogSlate: Took 0.000164 seconds to synchronously load lazily loaded font '../../../Engine/Content/Slate/Fonts/Roboto-Bold.ttf' (160K)
[2020.05.05-08.50.53:464][  0]LogSlate: Took 0.000707 seconds to synchronously load lazily loaded font '../../../Engine/Content/Editor/Slate/Fonts/FontAwesome.ttf' (139K)
[2020.05.05-08.50.53:558][  0]LogRenderer: Reallocating scene render targets to support 1208x572 Format 10 NumSamples 1 (Frame:1).
[2020.05.05-08.50.56:452][  0]LogD3D12RHI: Creating RTPSO with 89 shaders (0 cached, 89 new) took 2735.32 ms. Compile time 2725.44 ms, link time 9.74 ms.
[2020.05.05-08.50.56:768][  0]LogD3D12RHI: Creating RTPSO with 3 shaders (0 cached, 3 new) took 52.59 ms. Compile time 46.06 ms, link time 6.51 ms.
[2020.05.05-08.50.57:412][  0]LogContentBrowser: Native class hierarchy updated for 'HierarchicalLODOutliner' in 0.0003 seconds. Added 0 classes and 0 folders.
[2020.05.05-08.50.57:412][  0]LogLoad: (Engine Initialization) Total time: 13.19 seconds
[2020.05.05-08.50.57:412][  0]LogLoad: (Engine Initialization) Total Blueprint compile time: 0.00 seconds
[2020.05.05-08.50.57:479][  0]LogContentStreaming: Texture pool size now 1000 MB
[2020.05.05-08.50.57:491][  0]LogSlate: Took 0.000837 seconds to synchronously load lazily loaded font '../../../Engine/Content/Slate/Fonts/Roboto-Light.ttf' (167K)
[2020.05.05-08.50.57:581][  2]LogAssetRegistry: Asset discovery search completed in 9.7568 seconds
[2020.05.05-08.50.57:585][  2]LogCollectionManager: Fixed up redirectors for 0 collections in 0.000011 seconds (updated 0 objects)
[2020.05.05-08.53.23:684][153]LogEditorViewport: Clicking on Actor (LMB): StaticMeshActor (Floor)
[2020.05.05-08.53.23:880][155]LogD3D12RHI: Creating RTPSO with 93 shaders (90 cached, 3 new) took 46.87 ms. Compile time 42.65 ms, link time 4.11 ms.
[2020.05.05-08.53.24:059][157]LogD3D12RHI: Creating RTPSO with 94 shaders (93 cached, 1 new) took 34.92 ms. Compile time 31.42 ms, link time 3.37 ms.
[2020.05.05-08.53.24:107][158]LogD3D12RHI: Creating RTPSO with 95 shaders (94 cached, 1 new) took 32.10 ms. Compile time 29.14 ms, link time 2.84 ms.
[2020.05.05-08.53.25:027][268]LogEditorViewport: Clicking on Actor (LMB): StaticMeshActor (Floor)
[2020.05.05-08.53.25:109][271]LogD3D12RHI: Creating RTPSO with 96 shaders (95 cached, 1 new) took 32.38 ms. Compile time 29.00 ms, link time 3.22 ms.
[2020.05.05-08.54.51:603][153]LogUObjectHash: Compacting FUObjectHashTables data took   0.64ms
[2020.05.05-08.54.51:629][153]LogSlate: Window 'ProjectZero - Unreal Editor' being destroyed
[2020.05.05-08.54.51:630][153]LogWindowsTextInputMethodSystem: Display: IME system now deactivated.
[2020.05.05-08.54.51:724][154]Cmd: QUIT_EDITOR
[2020.05.05-08.54.51:724][154]LogCore: Engine exit requested (reason: UUnrealEdEngine::CloseEditor())
[2020.05.05-08.54.51:730][154]LogCore: Engine exit requested (reason: EngineExit() was called; note: exit was already requested)
[2020.05.05-08.54.51:734][154]LogAudioMixer: Display: No commands were queued while flushing the source manager.
[2020.05.05-08.54.51:748][154]LogExit: Preparing to exit.
[2020.05.05-08.54.52:163][154]LogWorld: UWorld::CleanupWorld for World_1, bSessionEnded=true, bCleanupResources=true
[2020.05.05-08.54.52:165][154]LogWorld: UWorld::CleanupWorld for World_0, bSessionEnded=true, bCleanupResources=true
[2020.05.05-08.54.52:174][154]LogDemo: Cleaned up 0 splitscreen connections with owner deletion
[2020.05.05-08.54.52:183][154]LogWorld: UWorld::CleanupWorld for None, bSessionEnded=true, bCleanupResources=true
[2020.05.05-08.54.52:183][154]LogExit: Editor shut down
[2020.05.05-08.54.52:184][154]LogExit: Transaction tracking system shut down
[2020.05.05-08.54.52:376][154]LogExit: Object subsystem successfully closed.
[2020.05.05-08.54.52:404][154]LogShaderCompilers: Display: Shaders left to compile 0
[2020.05.05-08.54.52:496][154]LogModuleManager: Shutting down and abandoning module HierarchicalLODOutliner (700)
[2020.05.05-08.54.52:496][154]LogModuleManager: Shutting down and abandoning module SceneOutliner (698)
[2020.05.05-08.54.52:496][154]LogModuleManager: Shutting down and abandoning module AddContentDialog (696)
[2020.05.05-08.54.52:497][154]LogModuleManager: Shutting down and abandoning module WidgetCarousel (695)
[2020.05.05-08.54.52:497][154]LogModuleManager: Shutting down and abandoning module EditorWidgets (692)
[2020.05.05-08.54.52:497][154]LogModuleManager: Shutting down and abandoning module CollectionManager (690)
[2020.05.05-08.54.52:497][154]LogModuleManager: Shutting down and abandoning module MeshBuilder (688)
[2020.05.05-08.54.52:497][154]LogModuleManager: Shutting down and abandoning module StatsViewer (686)
[2020.05.05-08.54.52:497][154]LogModuleManager: Shutting down and abandoning module VirtualTexturingEditor (684)
[2020.05.05-08.54.52:497][154]LogModuleManager: Shutting down and abandoning module FoliageEdit (682)
[2020.05.05-08.54.52:497][154]LogModuleManager: Shutting down and abandoning module LandscapeEditor (680)
[2020.05.05-08.54.52:497][154]LogModuleManager: Shutting down and abandoning module MeshPaintMode (678)
[2020.05.05-08.54.52:497][154]LogModuleManager: Shutting down and abandoning module SceneDepthPickerMode (676)
[2020.05.05-08.54.52:497][154]LogModuleManager: Shutting down and abandoning module ActorPickerMode (674)
[2020.05.05-08.54.52:497][154]LogModuleManager: Shutting down and abandoning module GeometryMode (672)
[2020.05.05-08.54.52:497][154]LogModuleManager: Shutting down and abandoning module TextureAlignMode (670)
[2020.05.05-08.54.52:497][154]LogModuleManager: Shutting down and abandoning module BspMode (668)
[2020.05.05-08.54.52:497][154]LogModuleManager: Shutting down and abandoning module PIEPreviewDeviceProfileSelector (666)
[2020.05.05-08.54.52:497][154]LogModuleManager: Shutting down and abandoning module SequenceRecorderSections (664)
[2020.05.05-08.54.52:497][154]LogModuleManager: Shutting down and abandoning module AutomationWorker (662)
[2020.05.05-08.54.52:497][154]LogModuleManager: Shutting down and abandoning module SteamVREditor (660)
[2020.05.05-08.54.52:497][154]LogModuleManager: Shutting down and abandoning module OculusMR (658)
[2020.05.05-08.54.52:497][154]LogModuleManager: Shutting down and abandoning module AudioCaptureEditor (656)
[2020.05.05-08.54.52:497][154]LogModuleManager: Shutting down and abandoning module MatineeToLevelSequence (654)
[2020.05.05-08.54.52:497][154]LogModuleManager: Shutting down and abandoning module LevelSequenceEditor (652)
[2020.05.05-08.54.52:497][154]LogModuleManager: Shutting down and abandoning module PlacementMode (651)
[2020.05.05-08.54.52:497][154]LogModuleManager: Shutting down and abandoning module MaterialEditor (650)
[2020.05.05-08.54.52:497][154]LogModuleManager: Shutting down and abandoning module ActorSequenceEditor (646)
[2020.05.05-08.54.52:497][154]LogModuleManager: Shutting down and abandoning module WmfMediaFactory (644)
[2020.05.05-08.54.52:497][154]LogModuleManager: Shutting down and abandoning module WmfMediaEditor (642)
[2020.05.05-08.54.52:497][154]LogModuleManager: Shutting down and abandoning module WebMMediaFactory (640)
[2020.05.05-08.54.52:497][154]LogModuleManager: Shutting down and abandoning module WebMMediaEditor (638)
[2020.05.05-08.54.52:497][154]LogModuleManager: Shutting down and abandoning module WebMMedia (636)
[2020.05.05-08.54.52:497][154]LogModuleManager: Shutting down and abandoning module MediaPlayerEditor (634)
[2020.05.05-08.54.52:497][154]LogModuleManager: Shutting down and abandoning module MediaCompositingEditor (632)
[2020.05.05-08.54.52:497][154]LogModuleManager: Shutting down and abandoning module SequenceRecorder (631)
[2020.05.05-08.54.52:497][154]LogModuleManager: Shutting down and abandoning module OpenExrWrapper (628)
[2020.05.05-08.54.52:497][154]LogModuleManager: Shutting down and abandoning module ImgMediaFactory (626)
[2020.05.05-08.54.52:497][154]LogModuleManager: Shutting down and abandoning module ImgMediaEditor (624)
[2020.05.05-08.54.52:497][154]LogModuleManager: Shutting down and abandoning module AvfMediaFactory (622)
[2020.05.05-08.54.52:497][154]LogModuleManager: Shutting down and abandoning module AvfMediaEditor (620)
[2020.05.05-08.54.52:497][154]LogModuleManager: Shutting down and abandoning module AndroidMediaFactory (618)
[2020.05.05-08.54.52:497][154]LogModuleManager: Shutting down and abandoning module AndroidMediaEditor (616)
[2020.05.05-08.54.52:497][154]LogModuleManager: Shutting down and abandoning module MagicLeapMediaCodecFactory (614)
[2020.05.05-08.54.52:497][154]LogModuleManager: Shutting down and abandoning module MagicLeapMediaFactory (612)
[2020.05.05-08.54.52:497][154]LogModuleManager: Shutting down and abandoning module MagicLeapMediaEditor (610)
[2020.05.05-08.54.52:497][154]LogModuleManager: Shutting down and abandoning module CharacterAI (608)
[2020.05.05-08.54.52:497][154]LogModuleManager: Shutting down and abandoning module SmartSnapping (606)
[2020.05.05-08.54.52:498][154]LogModuleManager: Shutting down and abandoning module SessionServices (604)
[2020.05.05-08.54.52:498][154]LogModuleManager: Shutting down and abandoning module MeshPaint (602)
[2020.05.05-08.54.52:498][154]LogModuleManager: Shutting down and abandoning module ViewportSnapping (600)
[2020.05.05-08.54.52:498][154]LogModuleManager: Shutting down and abandoning module ViewportInteraction (598)
[2020.05.05-08.54.52:498][154]LogModuleManager: Shutting down and abandoning module ClothPainter (596)
[2020.05.05-08.54.52:498][154]LogModuleManager: Shutting down and abandoning module SkeletalMeshEditor (595)
[2020.05.05-08.54.52:498][154]LogModuleManager: Shutting down and abandoning module LogVisualizer (592)
[2020.05.05-08.54.52:498][154]LogModuleManager: Shutting down and abandoning module IntroTutorials (590)
[2020.05.05-08.54.52:498][154]LogModuleManager: Shutting down and abandoning module GameProjectGeneration (589)
[2020.05.05-08.54.52:498][154]LogModuleManager: Shutting down and abandoning module LuminPlatformEditor (586)
[2020.05.05-08.54.52:498][154]LogModuleManager: Shutting down and abandoning module IOSPlatformEditor (584)
[2020.05.05-08.54.52:498][154]LogModuleManager: Shutting down and abandoning module AndroidPlatformEditor (582)
[2020.05.05-08.54.52:498][154]LogModuleManager: Shutting down and abandoning module AndroidDeviceDetection (581)
[2020.05.05-08.54.54:129][154]LogModuleManager: Shutting down and abandoning module WindowsPlatformEditor (578)
[2020.05.05-08.54.54:129][154]LogModuleManager: Shutting down and abandoning module LuminRuntimeSettings (576)
[2020.05.05-08.54.54:129][154]LogModuleManager: Shutting down and abandoning module IOSRuntimeSettings (574)
[2020.05.05-08.54.54:129][154]LogModuleManager: Shutting down and abandoning module AndroidRuntimeSettings (572)
[2020.05.05-08.54.54:129][154]LogModuleManager: Shutting down and abandoning module EditorInteractiveToolsFramework (570)
[2020.05.05-08.54.54:129][154]LogModuleManager: Shutting down and abandoning module TimeManagementEditor (568)
[2020.05.05-08.54.54:129][154]LogModuleManager: Shutting down and abandoning module InputBindingEditor (566)
[2020.05.05-08.54.54:129][154]LogModuleManager: Shutting down and abandoning module MergeActors (564)
[2020.05.05-08.54.54:129][154]LogModuleManager: Shutting down and abandoning module LocalizationDashboard (562)
[2020.05.05-08.54.54:129][154]LogModuleManager: Shutting down and abandoning module LocalizationService (561)
[2020.05.05-08.54.54:129][154]LogModuleManager: Shutting down and abandoning module HardwareTargeting (558)
[2020.05.05-08.54.54:129][154]LogModuleManager: Shutting down and abandoning module DeviceProfileEditor (556)
[2020.05.05-08.54.54:129][154]LogModuleManager: Shutting down and abandoning module UndoHistory (554)
[2020.05.05-08.54.54:129][154]LogModuleManager: Shutting down and abandoning module XmlParser (552)
[2020.05.05-08.54.54:129][154]LogModuleManager: Shutting down and abandoning module Blutility (550)
[2020.05.05-08.54.54:129][154]LogModuleManager: Shutting down and abandoning module ProjectSettingsViewer (548)
[2020.05.05-08.54.54:130][154]LogModuleManager: Shutting down and abandoning module ProjectTargetPlatformEditor (547)
[2020.05.05-08.54.54:130][154]LogModuleManager: Shutting down and abandoning module EditorSettingsViewer (544)
[2020.05.05-08.54.54:130][154]LogModuleManager: Shutting down and abandoning module SettingsEditor (542)
[2020.05.05-08.54.54:130][154]LogModuleManager: Shutting down and abandoning module ProjectLauncher (540)
[2020.05.05-08.54.54:130][154]LogModuleManager: Shutting down and abandoning module SessionFrontend (538)
[2020.05.05-08.54.54:130][154]LogModuleManager: Shutting down and abandoning module ProfilerClient (536)
[2020.05.05-08.54.54:130][154]LogModuleManager: Shutting down and abandoning module DeviceManager (534)
[2020.05.05-08.54.54:130][154]LogModuleManager: Shutting down and abandoning module TargetDeviceServices (533)
[2020.05.05-08.54.54:163][154]LogModuleManager: Shutting down and abandoning module AutomationController (530)
[2020.05.05-08.54.54:163][154]LogModuleManager: Shutting down and abandoning module AutomationWindow (528)
[2020.05.05-08.54.54:163][154]LogModuleManager: Shutting down and abandoning module Layers (526)
[2020.05.05-08.54.54:163][154]LogModuleManager: Shutting down and abandoning module ComponentVisualizers (524)
[2020.05.05-08.54.54:163][154]LogModuleManager: Shutting down and abandoning module DetailCustomizations (522)
[2020.05.05-08.54.54:163][154]LogModuleManager: Shutting down and abandoning module PackagesDialog (520)
[2020.05.05-08.54.54:163][154]LogModuleManager: Shutting down and abandoning module AnimationBlueprintEditor (518)
[2020.05.05-08.54.54:163][154]LogModuleManager: Shutting down and abandoning module Persona (516)
[2020.05.05-08.54.54:163][154]LogModuleManager: Shutting down and abandoning module AdvancedPreviewScene (515)
[2020.05.05-08.54.54:163][154]LogModuleManager: Shutting down and abandoning module AnimGraph (513)
[2020.05.05-08.54.54:163][154]LogModuleManager: Shutting down and abandoning module Kismet (510)
[2020.05.05-08.54.54:163][154]LogModuleManager: Shutting down and abandoning module KismetWidgets (509)
[2020.05.05-08.54.54:163][154]LogModuleManager: Shutting down and abandoning module GraphEditor (506)
[2020.05.05-08.54.54:163][154]LogModuleManager: Shutting down and abandoning module StructViewer (504)
[2020.05.05-08.54.54:163][154]LogModuleManager: Shutting down and abandoning module ClassViewer (502)
[2020.05.05-08.54.54:163][154]LogModuleManager: Shutting down and abandoning module Toolbox (500)
[2020.05.05-08.54.54:163][154]LogModuleManager: Shutting down and abandoning module ModuleUI (498)
[2020.05.05-08.54.54:163][154]LogModuleManager: Shutting down and abandoning module OutputLog (496)
[2020.05.05-08.54.54:163][154]LogModuleManager: Shutting down and abandoning module GammaUI (494)
[2020.05.05-08.54.54:163][154]LogModuleManager: Shutting down and abandoning module Documentation (492)
[2020.05.05-08.54.54:163][154]LogModuleManager: Shutting down and abandoning module ToolMenus (490)
[2020.05.05-08.54.54:163][154]LogModuleManager: Shutting down and abandoning module LiveCoding (488)
[2020.05.05-08.54.54:163][154]LogModuleManager: Shutting down and abandoning module LevelSequence (486)
[2020.05.05-08.54.54:163][154]LogModuleManager: Shutting down and abandoning module MovieSceneTracks (484)
[2020.05.05-08.54.54:163][154]LogModuleManager: Shutting down and abandoning module MovieScene (482)
[2020.05.05-08.54.54:163][154]LogModuleManager: Shutting down and abandoning module StreamingPauseRendering (480)
[2020.05.05-08.54.54:163][154]LogModuleManager: Shutting down and abandoning module LauncherPlatform (478)
[2020.05.05-08.54.54:163][154]LogModuleManager: Shutting down and abandoning module AnalyticsET (476)
[2020.05.05-08.54.54:163][154]LogModuleManager: Shutting down and abandoning module PortalServices (474)
[2020.05.05-08.54.54:163][154]LogModuleManager: Shutting down and abandoning module PortalRpc (472)
[2020.05.05-08.54.54:163][154]LogModuleManager: Shutting down and abandoning module MessagingRpc (470)
[2020.05.05-08.54.54:163][154]LogModuleManager: Shutting down and abandoning module AudioMixerXAudio2 (468)
[2020.05.05-08.54.54:163][154]LogModuleManager: Shutting down and abandoning module AIModule (466)
[2020.05.05-08.54.54:164][154]LogModuleManager: Shutting down and abandoning module GameplayDebugger (465)
[2020.05.05-08.54.54:164][154]LogModuleManager: Shutting down and abandoning module AITestSuite (463)
[2020.05.05-08.54.54:164][154]LogModuleManager: Shutting down and abandoning module NavigationSystem (461)
[2020.05.05-08.54.54:164][154]LogModuleManager: Shutting down and abandoning module ImageWriteQueue (458)
[2020.05.05-08.54.54:166][154]LogModuleManager: Shutting down and abandoning module ProfilerService (456)
[2020.05.05-08.54.54:269][154]LogModuleManager: Shutting down and abandoning module TaskGraph (454)
[2020.05.05-08.54.54:269][154]LogModuleManager: Shutting down and abandoning module ScreenshotTools (452)
[2020.05.05-08.54.54:269][154]LogModuleManager: Shutting down and abandoning module ProceduralMeshComponentEditor (450)
[2020.05.05-08.54.54:269][154]LogModuleManager: Shutting down and abandoning module ProceduralMeshComponent (448)
[2020.05.05-08.54.54:269][154]LogModuleManager: Shutting down and abandoning module OculusEditor (446)
[2020.05.05-08.54.54:269][154]LogModuleManager: Shutting down and abandoning module OculusInput (444)
[2020.05.05-08.54.54:269][154]LogModuleManager: Shutting down and abandoning module MobilePatchingUtils (442)
[2020.05.05-08.54.54:269][154]LogModuleManager: Shutting down and abandoning module EditableMesh (440)
[2020.05.05-08.54.54:269][154]LogModuleManager: Shutting down and abandoning module CustomMeshComponent (438)
[2020.05.05-08.54.54:269][154]LogModuleManager: Shutting down and abandoning module CableComponent (436)
[2020.05.05-08.54.54:269][154]LogModuleManager: Shutting down and abandoning module AudioCapture (434)
[2020.05.05-08.54.54:269][154]LogModuleManager: Shutting down and abandoning module AudioCaptureRtAudio (433)
[2020.05.05-08.54.54:269][154]LogModuleManager: Shutting down and abandoning module AssetTags (430)
[2020.05.05-08.54.54:270][154]LogModuleManager: Shutting down and abandoning module ArchVisCharacter (428)
[2020.05.05-08.54.54:270][154]LogModuleManager: Shutting down and abandoning module AppleImageUtilsBlueprintSupport (426)
[2020.05.05-08.54.54:270][154]LogModuleManager: Shutting down and abandoning module AppleImageUtils (424)
[2020.05.05-08.54.54:270][154]LogModuleManager: Shutting down and abandoning module AndroidPermission (422)
[2020.05.05-08.54.54:270][154]LogModuleManager: Shutting down and abandoning module NUTUnrealEngine4 (420)
[2020.05.05-08.54.54:270][154]LogModuleManager: Shutting down and abandoning module NetcodeUnitTest (418)
[2020.05.05-08.54.54:270][154]LogModuleManager: Shutting down and abandoning module MediaCompositing (416)
[2020.05.05-08.54.54:270][154]LogModuleManager: Shutting down and abandoning module ImgMedia (414)
[2020.05.05-08.54.54:270][154]LogModuleManager: Shutting down and abandoning module MagicLeapHelperVulkan (412)
[2020.05.05-08.54.54:270][154]LogModuleManager: Shutting down and abandoning module MagicLeapHelperOpenGL (410)
[2020.05.05-08.54.54:270][154]LogModuleManager: Shutting down and abandoning module MagicLeapAudio (408)
[2020.05.05-08.54.54:270][154]LogModuleManager: Shutting down and abandoning module GeometryCacheTracks (406)
[2020.05.05-08.54.54:270][154]LogModuleManager: Shutting down and abandoning module GeometryCacheSequencer (404)
[2020.05.05-08.54.54:270][154]LogModuleManager: Shutting down and abandoning module BackChannel (402)
[2020.05.05-08.54.54:270][154]LogModuleManager: Shutting down and abandoning module AutomationUtilsEditor (400)
[2020.05.05-08.54.54:270][154]LogModuleManager: Shutting down and abandoning module AutomationUtils (398)
[2020.05.05-08.54.54:270][154]LogModuleManager: Shutting down and abandoning module AlembicImporter (396)
[2020.05.05-08.54.54:270][154]LogModuleManager: Shutting down and abandoning module AlembicLibrary (395)
[2020.05.05-08.54.54:270][154]LogModuleManager: Shutting down and abandoning module GeometryCache (394)
[2020.05.05-08.54.54:270][154]LogModuleManager: Shutting down and abandoning module GeometryCacheEd (393)
[2020.05.05-08.54.54:270][154]LogModuleManager: Shutting down and abandoning module VariantManagerContentEditor (388)
[2020.05.05-08.54.54:270][154]LogModuleManager: Shutting down and abandoning module DatasmithContentEditor (386)
[2020.05.05-08.54.54:270][154]LogModuleManager: Shutting down and abandoning module SpeedTreeImporter (384)
[2020.05.05-08.54.54:270][154]LogModuleManager: Shutting down and abandoning module PluginBrowser (382)
[2020.05.05-08.54.54:270][154]LogModuleManager: Shutting down and abandoning module MobileLauncherProfileWizard (380)
[2020.05.05-08.54.54:270][154]LogModuleManager: Shutting down and abandoning module MaterialAnalyzer (378)
[2020.05.05-08.54.54:270][154]LogModuleManager: Shutting down and abandoning module CurveEditorTools (376)
[2020.05.05-08.54.54:270][154]LogModuleManager: Shutting down and abandoning module CryptoKeysOpenSSL (374)
[2020.05.05-08.54.54:270][154]LogModuleManager: Shutting down and abandoning module CryptoKeys (372)
[2020.05.05-08.54.54:270][154]LogModuleManager: Shutting down and abandoning module VisualStudioSourceCodeAccess (370)
[2020.05.05-08.54.54:270][154]LogModuleManager: Shutting down and abandoning module VisualStudioCodeSourceCodeAccess (368)
[2020.05.05-08.54.54:270][154]LogModuleManager: Shutting down and abandoning module UObjectPlugin (366)
[2020.05.05-08.54.54:270][154]LogModuleManager: Shutting down and abandoning module SubversionSourceControl (364)
[2020.05.05-08.54.54:270][154]LogModuleManager: Shutting down and abandoning module PlasticSourceControl (362)
[2020.05.05-08.54.54:270][154]LogModuleManager: Shutting down and abandoning module PerforceSourceControl (360)
[2020.05.05-08.54.54:270][154]LogModuleManager: Shutting down and abandoning module GitSourceControl (358)
[2020.05.05-08.54.54:270][154]LogModuleManager: Shutting down and abandoning module SourceControl (357)
[2020.05.05-08.54.54:270][154]LogModuleManager: Shutting down and abandoning module CLionSourceCodeAccess (354)
[2020.05.05-08.54.54:270][154]LogModuleManager: Shutting down and abandoning module AnimationSharingEd (352)
[2020.05.05-08.54.54:270][154]LogModuleManager: Shutting down and abandoning module ActorLayerUtilitiesEditor (350)
[2020.05.05-08.54.54:270][154]LogModuleManager: Shutting down and abandoning module ActorLayerUtilities (348)
[2020.05.05-08.54.54:270][154]LogModuleManager: Shutting down and abandoning module LightPropagationVolumeEditor (346)
[2020.05.05-08.54.54:270][154]LogModuleManager: Shutting down and abandoning module PaperTiledImporter (344)
[2020.05.05-08.54.54:270][154]LogModuleManager: Shutting down and abandoning module PaperSpriteSheetImporter (342)
[2020.05.05-08.54.54:270][154]LogModuleManager: Shutting down and abandoning module Paper2DEditor (340)
[2020.05.05-08.54.54:270][154]LogModuleManager: Shutting down and abandoning module SignificanceManager (338)
[2020.05.05-08.54.54:270][154]LogModuleManager: Shutting down and abandoning module RuntimePhysXCooking (336)
[2020.05.05-08.54.54:270][154]LogModuleManager: Shutting down and abandoning module PhysXVehiclesEditor (334)
[2020.05.05-08.54.54:270][154]LogModuleManager: Shutting down and abandoning module LocationServicesBPLibrary (330)
[2020.05.05-08.54.54:270][154]LogModuleManager: Shutting down and abandoning module ActorSequence (328)
[2020.05.05-08.54.54:270][154]LogModuleManager: Shutting down and abandoning module UdpMessaging (326)
[2020.05.05-08.54.54:371][154]LogModuleManager: Shutting down and abandoning module TcpMessaging (324)
[2020.05.05-08.54.54:472][154]LogModuleManager: Shutting down and abandoning module MagicLeapPrivileges (322)
[2020.05.05-08.54.54:472][154]LogModuleManager: Shutting down and abandoning module MagicLeapPlanes (320)
[2020.05.05-08.54.54:472][154]LogMagicLeapPlanes: Planes tracker already destroyed.
[2020.05.05-08.54.54:472][154]LogModuleManager: Shutting down and abandoning module MagicLeapIdentity (318)
[2020.05.05-08.54.54:472][154]LogModuleManager: Shutting down and abandoning module MagicLeapSecureStorage (316)
[2020.05.05-08.54.54:472][154]LogModuleManager: Shutting down and abandoning module MagicLeapImageTracker (314)
[2020.05.05-08.54.54:472][154]LogModuleManager: Shutting down and abandoning module MagicLeapHandTracking (312)
[2020.05.05-08.54.54:472][154]LogModuleManager: Shutting down and abandoning module MagicLeapHandMeshing (310)
[2020.05.05-08.54.54:472][154]LogModuleManager: Shutting down and abandoning module MagicLeapEyeTracker (308)
[2020.05.05-08.54.54:472][154]LogModuleManager: Shutting down and abandoning module MagicLeapController (306)
[2020.05.05-08.54.54:472][154]LogSlate: Slate User Destroyed.  User Index 0, Is Virtual User: 0
[2020.05.05-08.54.54:472][154]LogModuleManager: Shutting down and abandoning module MagicLeapARPin (304)
[2020.05.05-08.54.54:472][154]LogModuleManager: Shutting down and abandoning module MagicLeapAR (302)
[2020.05.05-08.54.54:472][154]LogModuleManager: Shutting down and abandoning module AugmentedReality (301)
[2020.05.05-08.54.54:472][154]LogModuleManager: Shutting down and abandoning module GameplayTagsEditor (298)
[2020.05.05-08.54.54:472][154]LogModuleManager: Shutting down and abandoning module FacialAnimationEditor (296)
[2020.05.05-08.54.54:472][154]LogModuleManager: Shutting down and abandoning module FacialAnimation (294)
[2020.05.05-08.54.54:472][154]LogModuleManager: Shutting down and abandoning module DataValidation (292)
[2020.05.05-08.54.54:472][154]LogModuleManager: Shutting down and abandoning module AssetManagerEditor (290)
[2020.05.05-08.54.54:472][154]LogModuleManager: Shutting down and abandoning module LevelEditor (289)
[2020.05.05-08.54.54:473][154]LogModuleManager: Shutting down and abandoning module PixelInspectorModule (288)
[2020.05.05-08.54.54:473][154]LogModuleManager: Shutting down and abandoning module CommonMenuExtensions (286)
[2020.05.05-08.54.54:473][154]LogModuleManager: Shutting down and abandoning module MainFrame (284)
[2020.05.05-08.54.54:473][154]LogModuleManager: Shutting down and abandoning module HotReload (283)
[2020.05.05-08.54.54:474][154]LogModuleManager: Shutting down and abandoning module ContentBrowser (279)
[2020.05.05-08.54.54:474][154]LogModuleManager: Shutting down and abandoning module TreeMap (277)
[2020.05.05-08.54.54:474][154]LogModuleManager: Shutting down and abandoning module AnimationSharing (274)
[2020.05.05-08.54.54:474][154]LogModuleManager: Shutting down and abandoning module LightPropagationVolumeRuntime (272)
[2020.05.05-08.54.54:474][154]LogModuleManager: Shutting down and abandoning module Paper2D (270)
[2020.05.05-08.54.54:475][154]LogModuleManager: Shutting down and abandoning module WindowsMoviePlayer (268)
[2020.05.05-08.54.54:476][154]LogModuleManager: Shutting down and abandoning module WebMMoviePlayer (266)
[2020.05.05-08.54.54:476][154]LogModuleManager: Shutting down and abandoning module NetworkReplayStreaming (264)
[2020.05.05-08.54.54:476][154]LogModuleManager: Shutting down and abandoning module PacketHandler (262)
[2020.05.05-08.54.54:476][154]LogModuleManager: Shutting down and abandoning module ClothingSystemEditor (260)
[2020.05.05-08.54.54:476][154]LogModuleManager: Shutting down and abandoning module ClothingSystemRuntimeNv (258)
[2020.05.05-08.54.54:476][154]LogModuleManager: Shutting down and abandoning module MediaAssets (256)
[2020.05.05-08.54.54:476][154]LogModuleManager: Shutting down and abandoning module Overlay (254)
[2020.05.05-08.54.54:476][154]LogModuleManager: Shutting down and abandoning module OverlayEditor (253)
[2020.05.05-08.54.54:476][154]LogModuleManager: Shutting down and abandoning module VREditor (250)
[2020.05.05-08.54.54:476][154]LogModuleManager: Shutting down and abandoning module StringTableEditor (248)
[2020.05.05-08.54.54:476][154]LogModuleManager: Shutting down and abandoning module GameplayTasksEditor (246)
[2020.05.05-08.54.54:476][154]LogModuleManager: Shutting down and abandoning module BehaviorTreeEditor (244)
[2020.05.05-08.54.54:476][154]LogModuleManager: Shutting down and abandoning module FunctionalTesting (242)
[2020.05.05-08.54.54:476][154]LogModuleManager: Shutting down and abandoning module CollisionAnalyzer (240)
[2020.05.05-08.54.54:476][154]LogModuleManager: Shutting down and abandoning module WorkspaceMenuStructure (239)
[2020.05.05-08.54.54:476][154]LogModuleManager: Shutting down and abandoning module UMG (236)
[2020.05.05-08.54.54:476][154]LogModuleManager: Shutting down and abandoning module UMGEditor (235)
[2020.05.05-08.54.54:476][154]LogModuleManager: Shutting down and abandoning module MessageLog (233)
[2020.05.05-08.54.54:476][154]LogModuleManager: Shutting down and abandoning module SlateReflector (228)
[2020.05.05-08.54.54:476][154]LogModuleManager: Shutting down and abandoning module Slate (226)
[2020.05.05-08.54.54:476][154]LogModuleManager: Shutting down and abandoning module SlateCore (224)
[2020.05.05-08.54.54:476][154]LogModuleManager: Shutting down and abandoning module LandscapeEditorUtilities (222)
[2020.05.05-08.54.54:476][154]LogModuleManager: Shutting down and abandoning module UnrealEd (220)
[2020.05.05-08.54.54:476][154]LogModuleManager: Shutting down and abandoning module MRMesh (218)
[2020.05.05-08.54.54:476][154]LogModuleManager: Shutting down and abandoning module SourceCodeAccess (216)
[2020.05.05-08.54.54:476][154]LogModuleManager: Shutting down and abandoning module HeadMountedDisplay (214)
[2020.05.05-08.54.54:476][154]LogModuleManager: Shutting down and abandoning module XAudio2 (212)
[2020.05.05-08.54.54:476][154]LogModuleManager: Shutting down and abandoning module Networking (210)
[2020.05.05-08.54.54:476][154]LogModuleManager: Shutting down and abandoning module Core (208)
[2020.05.05-08.54.54:476][154]LogModuleManager: Shutting down and abandoning module MovieSceneTools (206)
[2020.05.05-08.54.54:477][154]LogModuleManager: Shutting down and abandoning module CurveEditor (205)
[2020.05.05-08.54.54:477][154]LogModuleManager: Shutting down and abandoning module Sequencer (203)
[2020.05.05-08.54.54:477][154]LogModuleManager: Shutting down and abandoning module EditorStyle (202)
[2020.05.05-08.54.54:478][154]LogModuleManager: Shutting down and abandoning module KismetCompiler (198)
[2020.05.05-08.54.54:478][154]LogModuleManager: Shutting down and abandoning module MeshUtilities (196)
[2020.05.05-08.54.54:478][154]LogModuleManager: Shutting down and abandoning module MeshMergeUtilities (195)
[2020.05.05-08.54.54:478][154]LogModuleManager: Shutting down and abandoning module MeshReductionInterface (194)
[2020.05.05-08.54.54:478][154]LogModuleManager: Shutting down and abandoning module MeshBoneReduction (193)
[2020.05.05-08.54.54:478][154]LogModuleManager: Shutting down and abandoning module SkeletalMeshReduction (191)
[2020.05.05-08.54.54:478][154]LogModuleManager: Shutting down and abandoning module ProxyLODMeshReduction (189)
[2020.05.05-08.54.54:478][154]LogModuleManager: Shutting down and abandoning module QuadricMeshReduction (187)
[2020.05.05-08.54.54:478][154]LogModuleManager: Shutting down and abandoning module MaterialBaking (183)
[2020.05.05-08.54.54:478][154]LogModuleManager: Shutting down and abandoning module NullInstallBundleManager (178)
[2020.05.05-08.54.54:478][154]LogModuleManager: Shutting down and abandoning module DerivedDataCache (176)
[2020.05.05-08.54.54:478][154]LogDerivedDataCache: Shutdown
[2020.05.05-08.54.54:478][154]LogModuleManager: Shutting down and abandoning module XGEController (174)
[2020.05.05-08.54.54:478][154]LogModuleManager: Shutting down and abandoning module TargetPlatform (172)
[2020.05.05-08.54.54:478][154]LogModuleManager: Shutting down and abandoning module VulkanShaderFormat (171)
[2020.05.05-08.54.54:478][154]LogModuleManager: Shutting down and abandoning module ShaderFormatVectorVM (169)
[2020.05.05-08.54.54:478][154]LogModuleManager: Shutting down and abandoning module ShaderFormatOpenGL (167)
[2020.05.05-08.54.54:478][154]LogModuleManager: Shutting down and abandoning module ShaderFormatD3D (165)
[2020.05.05-08.54.54:478][154]LogModuleManager: Shutting down and abandoning module MetalShaderFormat (163)
[2020.05.05-08.54.54:478][154]LogModuleManager: Shutting down and abandoning module TextureFormatUncompressed (161)
[2020.05.05-08.54.54:478][154]LogModuleManager: Shutting down and abandoning module TextureFormatPVR (159)
[2020.05.05-08.54.54:478][154]LogModuleManager: Shutting down and abandoning module TextureFormatDXT (157)
[2020.05.05-08.54.54:478][154]LogModuleManager: Shutting down and abandoning module TextureFormatIntelISPCTexComp (155)
[2020.05.05-08.54.54:478][154]LogModuleManager: Shutting down and abandoning module TextureFormatASTC (153)
[2020.05.05-08.54.54:478][154]LogModuleManager: Shutting down and abandoning module ImageWrapper (152)
[2020.05.05-08.54.54:478][154]LogModuleManager: Shutting down and abandoning module TextureFormatAndroid (149)
[2020.05.05-08.54.54:478][154]LogModuleManager: Shutting down and abandoning module AudioFormatOpus (147)
[2020.05.05-08.54.54:478][154]LogModuleManager: Shutting down and abandoning module AudioFormatOgg (145)
[2020.05.05-08.54.54:478][154]LogModuleManager: Shutting down and abandoning module AudioFormatADPCM (143)
[2020.05.05-08.54.54:478][154]LogModuleManager: Shutting down and abandoning module WindowsServerTargetPlatform (141)
[2020.05.05-08.54.54:478][154]LogModuleManager: Shutting down and abandoning module WindowsClientTargetPlatform (139)
[2020.05.05-08.54.54:478][154]LogModuleManager: Shutting down and abandoning module WindowsTargetPlatform (137)
[2020.05.05-08.54.54:478][154]LogModuleManager: Shutting down and abandoning module WindowsNoEditorTargetPlatform (135)
[2020.05.05-08.54.54:478][154]LogModuleManager: Shutting down and abandoning module TVOSTargetPlatform (133)
[2020.05.05-08.54.54:479][154]LogModuleManager: Shutting down and abandoning module LuminTargetPlatform (131)
[2020.05.05-08.54.54:479][154]LogModuleManager: Shutting down and abandoning module LinuxAArch64ServerTargetPlatform (129)
[2020.05.05-08.54.54:479][154]LogModuleManager: Shutting down and abandoning module LinuxAArch64ClientTargetPlatform (127)
[2020.05.05-08.54.54:479][154]LogModuleManager: Shutting down and abandoning module LinuxAArch64NoEditorTargetPlatform (125)
[2020.05.05-08.54.54:479][154]LogModuleManager: Shutting down and abandoning module LinuxServerTargetPlatform (123)
[2020.05.05-08.54.54:479][154]LogModuleManager: Shutting down and abandoning module LinuxClientTargetPlatform (121)
[2020.05.05-08.54.54:479][154]LogModuleManager: Shutting down and abandoning module LinuxNoEditorTargetPlatform (119)
[2020.05.05-08.54.54:480][154]LogModuleManager: Shutting down and abandoning module Messaging (117)
[2020.05.05-08.54.54:480][154]LogModuleManager: Shutting down and abandoning module IOSTargetPlatform (115)
[2020.05.05-08.54.54:480][154]LogModuleManager: Shutting down and abandoning module AndroidTargetPlatform (113)
[2020.05.05-08.54.54:485][154]LogModuleManager: Shutting down and abandoning module AllDesktopTargetPlatform (111)
[2020.05.05-08.54.54:485][154]LogModuleManager: Shutting down and abandoning module D3D12RHI (108)
[2020.05.05-08.54.54:485][154]LogModuleManager: Shutting down and abandoning module InputCore (106)
[2020.05.05-08.54.54:485][154]LogModuleManager: Shutting down and abandoning module Settings (104)
[2020.05.05-08.54.54:485][154]LogModuleManager: Shutting down and abandoning module DirectoryWatcher (102)
[2020.05.05-08.54.54:485][154]LogModuleManager: Shutting down and abandoning module PhysXCooking (100)
[2020.05.05-08.54.54:485][154]LogModuleManager: Shutting down and abandoning module ChaosSolvers (98)
[2020.05.05-08.54.54:485][154]LogModuleManager: Shutting down and abandoning module FieldSystemEngine (97)
[2020.05.05-08.54.54:485][154]LogModuleManager: Shutting down and abandoning module Chaos (94)
[2020.05.05-08.54.54:485][154]LogModuleManager: Shutting down and abandoning module WindowsPlatformFeatures (92)
[2020.05.05-08.54.54:485][154]LogModuleManager: Shutting down and abandoning module GameplayMediaEncoder (91)
[2020.05.05-08.54.54:485][154]LogModuleManager: Shutting down and abandoning module SteamVRInputDevice (88)
[2020.05.05-08.54.54:485][154]LogModuleManager: Shutting down and abandoning module SteamVRInput (86)
[2020.05.05-08.54.54:485][154]LogModuleManager: Shutting down and abandoning module SteamVR (84)
[2020.05.05-08.54.54:485][154]LogHMD: Freeing OpenVRDLLHandle.
[2020.05.05-08.54.54:485][154]LogModuleManager: Shutting down and abandoning module OculusHMD (82)
[2020.05.05-08.54.54:485][154]LogModuleManager: Shutting down and abandoning module ExampleDeviceProfileSelector (80)
[2020.05.05-08.54.54:485][154]LogModuleManager: Shutting down and abandoning module LauncherChunkInstaller (78)
[2020.05.05-08.54.54:485][154]LogModuleManager: Shutting down and abandoning module OnlineBlueprintSupport (76)
[2020.05.05-08.54.54:485][154]LogModuleManager: Shutting down and abandoning module OnlineSubsystem (72)
[2020.05.05-08.54.54:486][154]LogModuleManager: Shutting down and abandoning module XMPP (67)
[2020.05.05-08.54.54:486][154]LogModuleManager: Shutting down and abandoning module WebSockets (66)
[2020.05.05-08.54.54:502][154]LogModuleManager: Shutting down and abandoning module HTTP (63)
[2020.05.05-08.54.54:502][154]LogHttp: Display: Http module shutting down, but needs to wait on 1 outstanding Http requests:
[2020.05.05-08.54.54:502][154]LogHttp: Display: 	verb=[POST] url=[https://datarouter.ol.epicgames.com/datarouter/api/v1/public/data?SessionID=%7B0A1D0881-4CF6-E595-CA1C-6EBAB6726AF6%7D&AppID=UEEditor.Rocket.Release&AppVersion=4.24.3-11590370%2B%2B%2BUE4%2BRelease-4.24&UserID=1a4dfc634f9ab496cf14e38e0ea38c0f%7C45ce971addbf4ef3805331d21e03eed3%7Cc3576013-f25a-49ed-8a0d-041438b16090&AppEnvironment=datacollector-binary&UploadType=eteventstream] refs=[1] status=Processing
[2020.05.05-08.54.54:525][154]LogModuleManager: Shutting down and abandoning module SSL (62)
[2020.05.05-08.54.54:526][154]LogModuleManager: Shutting down and abandoning module WmfMedia (58)
[2020.05.05-08.54.54:527][154]LogModuleManager: Shutting down and abandoning module Media (57)
[2020.05.05-08.54.54:528][154]LogModuleManager: Shutting down and abandoning module MagicLeap (54)
[2020.05.05-08.54.54:528][154]LogModuleManager: Shutting down and abandoning module VariantManagerContent (52)
[2020.05.05-08.54.54:528][154]LogModuleManager: Shutting down and abandoning module DatasmithContent (50)
[2020.05.05-08.54.54:528][154]LogModuleManager: Shutting down and abandoning module AISupportModule (48)
[2020.05.05-08.54.54:528][154]LogModuleManager: Shutting down and abandoning module DesktopPlatform (46)
[2020.05.05-08.54.54:528][154]LogModuleManager: Shutting down and abandoning module PlatformCryptoOpenSSL (44)
[2020.05.05-08.54.54:528][154]LogModuleManager: Shutting down and abandoning module PlatformCryptoTypes (42)
[2020.05.05-08.54.54:528][154]LogModuleManager: Shutting down and abandoning module PlatformCrypto (40)
[2020.05.05-08.54.54:528][154]LogModuleManager: Shutting down and abandoning module AnimationModifiers (38)
[2020.05.05-08.54.54:528][154]LogModuleManager: Shutting down and abandoning module PropertyEditor (37)
[2020.05.05-08.54.54:528][154]LogModuleManager: Shutting down and abandoning module AudioEditor (34)
[2020.05.05-08.54.54:528][154]LogModuleManager: Shutting down and abandoning module TextureCompressor (32)
[2020.05.05-08.54.54:528][154]LogModuleManager: Shutting down and abandoning module RenderCore (30)
[2020.05.05-08.54.54:528][154]LogModuleManager: Shutting down and abandoning module Landscape (28)
[2020.05.05-08.54.54:528][154]LogModuleManager: Shutting down and abandoning module SlateRHIRenderer (26)
[2020.05.05-08.54.54:531][154]LogModuleManager: Shutting down and abandoning module OpenGLDrv (24)
[2020.05.05-08.54.54:531][154]LogModuleManager: Shutting down and abandoning module D3D11RHI (22)
[2020.05.05-08.54.54:531][154]LogModuleManager: Shutting down and abandoning module AnimGraphRuntime (20)
[2020.05.05-08.54.54:531][154]LogModuleManager: Shutting down and abandoning module Renderer (18)
[2020.05.05-08.54.54:531][154]LogModuleManager: Shutting down and abandoning module Engine (16)
[2020.05.05-08.54.54:531][154]LogModuleManager: Shutting down and abandoning module CoreUObject (14)
[2020.05.05-08.54.54:531][154]LogModuleManager: Shutting down and abandoning module NetworkFile (12)
[2020.05.05-08.54.54:531][154]LogModuleManager: Shutting down and abandoning module CookedIterativeFile (10)
[2020.05.05-08.54.54:531][154]LogModuleManager: Shutting down and abandoning module StreamingFile (8)
[2020.05.05-08.54.54:531][154]LogModuleManager: Shutting down and abandoning module SandboxFile (6)
[2020.05.05-08.54.54:532][154]LogModuleManager: Shutting down and abandoning module PakFile (4)
[2020.05.05-08.54.54:532][154]LogModuleManager: Shutting down and abandoning module RSA (3)
[2020.05.05-08.54.54:567][154]LogD3D12RHI: ~FD3D12DynamicRHI
[2020.05.05-08.54.54:578][154]LogExit: Exiting.
[2020.05.05-08.54.54:640][154]Log file closed, 05/05/20 15:54:54
