Log file open, 05/06/20 17:16:52
LogWindows: Failed to load 'aqProf.dll' (GetLastError=126)
LogWindows: File 'aqProf.dll' does not exist
LogWindows: Failed to load 'VtuneApi.dll' (GetLastError=126)
LogWindows: File 'VtuneApi.dll' does not exist
LogWindows: Failed to load 'VtuneApi32e.dll' (GetLastError=126)
LogWindows: File 'VtuneApi32e.dll' does not exist
LogConsoleResponse: Display: Failed to find resolution value strings in scalability ini. Falling back to default.
LogInit: Display: Running engine for game: ProjectZero
LogPlatformFile: Not using cached read wrapper
LogTaskGraph: Started task graph with 5 named threads and 35 total threads with 3 sets of task threads.
LogStats: Stats thread started at 0.100913
LogD3D11RHI: Loaded GFSDK_Aftermath_Lib.x64.dll
LogICUInternationalization: ICU TimeZone Detection - Raw Offset: +7:00, Platform Override: ''
LogPluginManager: Mounting plugin Paper2D
LogPluginManager: Mounting plugin AISupport
LogPluginManager: Mounting plugin LightPropagationVolume
LogPluginManager: Mounting plugin ActorLayerUtilities
LogPluginManager: Mounting plugin AnimationSharing
LogPluginManager: Mounting plugin CLionSourceCodeAccess
LogPluginManager: Mounting plugin CodeLiteSourceCodeAccess
LogPluginManager: Mounting plugin GitSourceControl
LogPluginManager: Mounting plugin KDevelopSourceCodeAccess
LogPluginManager: Mounting plugin NullSourceCodeAccess
LogPluginManager: Mounting plugin PerforceSourceControl
LogPluginManager: Mounting plugin PlasticSourceControl
LogPluginManager: Mounting plugin SubversionSourceControl
LogPluginManager: Mounting plugin UObjectPlugin
LogPluginManager: Mounting plugin VisualStudioCodeSourceCodeAccess
LogPluginManager: Mounting plugin VisualStudioSourceCodeAccess
LogPluginManager: Mounting plugin XCodeSourceCodeAccess
LogPluginManager: Mounting plugin AssetManagerEditor
LogPluginManager: Mounting plugin CryptoKeys
LogPluginManager: Mounting plugin CurveEditorTools
LogPluginManager: Mounting plugin DataValidation
LogPluginManager: Mounting plugin FacialAnimation
LogPluginManager: Mounting plugin GameplayTagsEditor
LogPluginManager: Mounting plugin MacGraphicsSwitching
LogPluginManager: Mounting plugin MaterialAnalyzer
LogPluginManager: Mounting plugin MobileLauncherProfileWizard
LogPluginManager: Mounting plugin PluginBrowser
LogPluginManager: Mounting plugin SpeedTreeImporter
LogPluginManager: Mounting plugin DatasmithContent
LogPluginManager: Mounting plugin VariantManagerContent
LogPluginManager: Mounting plugin AlembicImporter
LogPluginManager: Mounting plugin AutomationUtils
LogPluginManager: Mounting plugin BackChannel
LogPluginManager: Mounting plugin CharacterAI
LogPluginManager: Mounting plugin GeometryCache
LogPluginManager: Mounting plugin PlatformCrypto
LogPluginManager: Mounting plugin ProxyLODPlugin
LogPluginManager: Mounting plugin SkeletalReduction
LogPluginManager: Mounting plugin MagicLeap
LogPluginManager: Mounting plugin MagicLeapMedia
LogPluginManager: Mounting plugin MLSDK
LogPluginManager: Mounting plugin AndroidMedia
LogPluginManager: Mounting plugin AvfMedia
LogPluginManager: Mounting plugin ImgMedia
LogPluginManager: Mounting plugin MediaCompositing
LogPluginManager: Mounting plugin MediaPlayerEditor
LogPluginManager: Mounting plugin WebMMedia
LogPluginManager: Mounting plugin WmfMedia
LogPluginManager: Mounting plugin TcpMessaging
LogPluginManager: Mounting plugin UdpMessaging
LogPluginManager: Mounting plugin ActorSequence
LogPluginManager: Mounting plugin LevelSequenceEditor
LogPluginManager: Mounting plugin MatineeToLevelSequence
LogPluginManager: Mounting plugin NetcodeUnitTest
LogPluginManager: Mounting plugin NUTUnrealEngine4
LogPluginManager: Mounting plugin OnlineSubsystemGooglePlay
LogPluginManager: Mounting plugin OnlineSubsystemIOS
LogPluginManager: Mounting plugin OnlineSubsystem
LogPluginManager: Mounting plugin OnlineSubsystemNull
LogPluginManager: Mounting plugin OnlineSubsystemUtils
LogPluginManager: Mounting plugin LauncherChunkInstaller
LogPluginManager: Mounting plugin AndroidDeviceProfileSelector
LogPluginManager: Mounting plugin AndroidMoviePlayer
LogPluginManager: Mounting plugin AndroidPermission
LogPluginManager: Mounting plugin AppleImageUtils
LogPluginManager: Mounting plugin AppleMoviePlayer
LogPluginManager: Mounting plugin ArchVisCharacter
LogPluginManager: Mounting plugin AssetTags
LogPluginManager: Mounting plugin AudioCapture
LogPluginManager: Mounting plugin CableComponent
LogPluginManager: Mounting plugin CustomMeshComponent
LogPluginManager: Mounting plugin EditableMesh
LogPluginManager: Mounting plugin ExampleDeviceProfileSelector
LogPluginManager: Mounting plugin GoogleCloudMessaging
LogPluginManager: Mounting plugin IOSDeviceProfileSelector
LogPluginManager: Mounting plugin LinuxDeviceProfileSelector
LogPluginManager: Mounting plugin LocationServicesBPLibrary
LogPluginManager: Mounting plugin MobilePatchingUtils
LogPluginManager: Mounting plugin OculusVR
LogPluginManager: Mounting plugin PhysXVehicles
LogPluginManager: Mounting plugin PostSplashScreen
LogPluginManager: Mounting plugin ProceduralMeshComponent
LogPluginManager: Mounting plugin RuntimePhysXCooking
LogPluginManager: Mounting plugin SignificanceManager
LogPluginManager: Mounting plugin SteamVR
LogPluginManager: Mounting plugin WebMMoviePlayer
LogPluginManager: Mounting plugin WindowsMoviePlayer
LogPluginManager: Mounting plugin ScreenshotTools
LogInit: Using libcurl 7.55.1-DEV
LogInit:  - built for x86_64-pc-win32
LogInit:  - supports SSL with OpenSSL/1.1.1
LogInit:  - supports HTTP deflate (compression) using libz 1.2.8
LogInit:  - other features:
LogInit:      CURL_VERSION_SSL
LogInit:      CURL_VERSION_LIBZ
LogInit:      CURL_VERSION_IPV6
LogInit:      CURL_VERSION_ASYNCHDNS
LogInit:      CURL_VERSION_LARGEFILE
LogInit:      CURL_VERSION_IDN
LogInit:  CurlRequestOptions (configurable via config and command line):
LogInit:  - bVerifyPeer = true  - Libcurl will verify peer certificate
LogInit:  - bUseHttpProxy = false  - Libcurl will NOT use HTTP proxy
LogInit:  - bDontReuseConnections = false  - Libcurl will reuse connections
LogInit:  - MaxHostConnections = 16  - Libcurl will limit the number of connections to a host
LogInit:  - LocalHostAddr = Default
LogInit:  - BufferSize = 65536
LogOnline: OSS: Creating online subsystem instance for: NULL
LogInit: WinSock: version 1.1 (2.2), MaxSocks=32767, MaxUdp=65467
LogOnline: OSS: TryLoadSubsystemAndSetDefault: Loaded subsystem for module [NULL]
LogInit: Build: ++UE4+Release-4.24-CL-11590370
LogInit: Engine Version: 4.24.3-11590370+++UE4+Release-4.24
LogInit: Compatible Engine Version: 4.24.0-10570792+++UE4+Release-4.24
LogInit: Net CL: 10570792
LogInit: OS: Windows 10 (Release 1903) (), CPU: Intel(R) Core(TM) i7-8700K CPU @ 3.70GHz, GPU: NVIDIA GeForce GTX 1070 Ti
LogInit: Compiled (64-bit): Feb 24 2020 15:39:18
LogInit: Compiled with Visual C++: 19.16.27032.01
LogInit: Build Configuration: Development
LogInit: Branch Name: ++UE4+Release-4.24
LogInit: Command Line: 
LogInit: Base Directory: C:/GameDev/Epic Games/UE/UE_4.24/Engine/Binaries/Win64/
LogInit: Installed Engine Build: 1
LogDevObjectVersion: Number of dev versions registered: 25
LogDevObjectVersion:   Dev-Blueprints (B0D832E4-1F89-4F0D-ACCF-7EB736FD4AA2): 10
LogDevObjectVersion:   Dev-Build (E1C64328-A22C-4D53-A36C-8E866417BD8C): 0
LogDevObjectVersion:   Dev-Core (375EC13C-06E4-48FB-B500-84F0262A717E): 3
LogDevObjectVersion:   Dev-Editor (E4B068ED-F494-42E9-A231-DA0B2E46BB41): 37
LogDevObjectVersion:   Dev-Framework (CFFC743F-43B0-4480-9391-14DF171D2073): 36
LogDevObjectVersion:   Dev-Mobile (B02B49B5-BB20-44E9-A304-32B752E40360): 2
LogDevObjectVersion:   Dev-Networking (A4E4105C-59A1-49B5-A7C5-40C4547EDFEE): 0
LogDevObjectVersion:   Dev-Online (39C831C9-5AE6-47DC-9A44-9C173E1C8E7C): 0
LogDevObjectVersion:   Dev-Physics (78F01B33-EBEA-4F98-B9B4-84EACCB95AA2): 2
LogDevObjectVersion:   Dev-Platform (6631380F-2D4D-43E0-8009-CF276956A95A): 0
LogDevObjectVersion:   Dev-Rendering (12F88B9F-8875-4AFC-A67C-D90C383ABD29): 36
LogDevObjectVersion:   Dev-Sequencer (7B5AE74C-D270-4C10-A958-57980B212A5A): 11
LogDevObjectVersion:   Dev-VR (D7296918-1DD6-4BDD-9DE2-64A83CC13884): 2
LogDevObjectVersion:   Dev-LoadTimes (C2A15278-BFE7-4AFE-6C17-90FF531DF755): 1
LogDevObjectVersion:   Private-Geometry (6EACA3D4-40EC-4CC1-B786-8BED09428FC5): 3
LogDevObjectVersion:   Dev-AnimPhys (29E575DD-E0A3-4627-9D10-D276232CDCEA): 17
LogDevObjectVersion:   Dev-Anim (AF43A65D-7FD3-4947-9873-3E8ED9C1BB05): 2
LogDevObjectVersion:   Dev-ReflectionCapture (6B266CEC-1EC7-4B8F-A30B-E4D90942FC07): 1
LogDevObjectVersion:   Dev-Automation (0DF73D61-A23F-47EA-B727-89E90C41499A): 1
LogDevObjectVersion:   FortniteMain (601D1886-AC64-4F84-AA16-D3DE0DEAC7D6): 31
LogDevObjectVersion:   Dev-Enterprise (9DFFBCD6-494F-0158-E221-12823C92A888): 8
LogDevObjectVersion:   Dev-Niagara (F2AED0AC-9AFE-416F-8664-AA7FFA26D6FC): 1
LogDevObjectVersion:   Dev-Destruction (174F1F0B-B4C6-45A5-B13F-2EE8D0FB917D): 9
LogDevObjectVersion:   Dev-Physics-Ext (35F94A83-E258-406C-A318-09F59610247C): 8
LogDevObjectVersion:   Dev-CineCamera (B2E18506-4273-CFC2-A54E-F4BB758BBA07): 1
LogInit: Presizing for max 25165824 objects, including 0 objects not considered by GC, pre-allocating 0 bytes for permanent pool.
LogInit: Object subsystem initialized
LogConfig: Setting CVar [[con.DebugEarlyDefault:1]]
LogConfig: Setting CVar [[r.setres:1280x720]]
[2020.05.06-10.16.52:753][  0]LogConfig: Setting CVar [[r.VSync:0]]
[2020.05.06-10.16.52:753][  0]LogConfig: Setting CVar [[r.RHICmdBypass:0]]
[2020.05.06-10.16.52:753][  0]LogConfig: Applying CVar settings from Section [/Script/Engine.RendererSettings] File [D:/GameDev/Project/UE/ProjectZero/Saved/Config/Windows/Engine.ini]
[2020.05.06-10.16.52:753][  0]LogConfig: Setting CVar [[r.GPUCrashDebugging:0]]
[2020.05.06-10.16.52:753][  0]LogConfig: Setting CVar [[r.SkinCache.CompileShaders:1]]
[2020.05.06-10.16.52:753][  0]LogConfig: Setting CVar [[r.RayTracing:1]]
[2020.05.06-10.16.52:753][  0]LogConfig: Applying CVar settings from Section [/Script/Engine.RendererOverrideSettings] File [D:/GameDev/Project/UE/ProjectZero/Saved/Config/Windows/Engine.ini]
[2020.05.06-10.16.52:753][  0]LogConfig: Applying CVar settings from Section [/Script/Engine.StreamingSettings] File [D:/GameDev/Project/UE/ProjectZero/Saved/Config/Windows/Engine.ini]
[2020.05.06-10.16.52:753][  0]LogConfig: Setting CVar [[s.MinBulkDataSizeForAsyncLoading:131072]]
[2020.05.06-10.16.52:753][  0]LogConfig: Setting CVar [[s.AsyncLoadingThreadEnabled:0]]
[2020.05.06-10.16.52:753][  0]LogConfig: Setting CVar [[s.EventDrivenLoaderEnabled:1]]
[2020.05.06-10.16.52:753][  0]LogConfig: Setting CVar [[s.WarnIfTimeLimitExceeded:0]]
[2020.05.06-10.16.52:753][  0]LogConfig: Setting CVar [[s.TimeLimitExceededMultiplier:1.5]]
[2020.05.06-10.16.52:753][  0]LogConfig: Setting CVar [[s.TimeLimitExceededMinTime:0.005]]
[2020.05.06-10.16.52:753][  0]LogConfig: Setting CVar [[s.UseBackgroundLevelStreaming:1]]
[2020.05.06-10.16.52:753][  0]LogConfig: Setting CVar [[s.PriorityAsyncLoadingExtraTime:15.0]]
[2020.05.06-10.16.52:753][  0]LogConfig: Setting CVar [[s.LevelStreamingActorsUpdateTimeLimit:5.0]]
[2020.05.06-10.16.52:753][  0]LogConfig: Setting CVar [[s.PriorityLevelStreamingActorsUpdateExtraTime:5.0]]
[2020.05.06-10.16.52:753][  0]LogConfig: Setting CVar [[s.LevelStreamingComponentsRegistrationGranularity:10]]
[2020.05.06-10.16.52:753][  0]LogConfig: Setting CVar [[s.UnregisterComponentsTimeLimit:1.0]]
[2020.05.06-10.16.52:753][  0]LogConfig: Setting CVar [[s.LevelStreamingComponentsUnregistrationGranularity:5]]
[2020.05.06-10.16.52:753][  0]LogConfig: Setting CVar [[s.FlushStreamingOnExit:1]]
[2020.05.06-10.16.52:753][  0]LogConfig: Applying CVar settings from Section [/Script/Engine.GarbageCollectionSettings] File [D:/GameDev/Project/UE/ProjectZero/Saved/Config/Windows/Engine.ini]
[2020.05.06-10.16.52:753][  0]LogConfig: Setting CVar [[gc.MaxObjectsNotConsideredByGC:1]]
[2020.05.06-10.16.52:753][  0]LogConfig: Setting CVar [[gc.SizeOfPermanentObjectPool:0]]
[2020.05.06-10.16.52:753][  0]LogConfig: Setting CVar [[gc.FlushStreamingOnGC:0]]
[2020.05.06-10.16.52:753][  0]LogConfig: Setting CVar [[gc.NumRetriesBeforeForcingGC:10]]
[2020.05.06-10.16.52:753][  0]LogConfig: Setting CVar [[gc.AllowParallelGC:1]]
[2020.05.06-10.16.52:753][  0]LogConfig: Setting CVar [[gc.TimeBetweenPurgingPendingKillObjects:61.1]]
[2020.05.06-10.16.52:753][  0]LogConfig: Setting CVar [[gc.MaxObjectsInEditor:25165824]]
[2020.05.06-10.16.52:753][  0]LogConfig: Setting CVar [[gc.IncrementalBeginDestroyEnabled:1]]
[2020.05.06-10.16.52:753][  0]LogConfig: Setting CVar [[gc.CreateGCClusters:1]]
[2020.05.06-10.16.52:753][  0]LogConfig: Setting CVar [[gc.MinGCClusterSize:5]]
[2020.05.06-10.16.52:753][  0]LogConfig: Setting CVar [[gc.ActorClusteringEnabled:0]]
[2020.05.06-10.16.52:753][  0]LogConfig: Setting CVar [[gc.BlueprintClusteringEnabled:0]]
[2020.05.06-10.16.52:753][  0]LogConfig: Setting CVar [[gc.UseDisregardForGCOnDedicatedServers:0]]
[2020.05.06-10.16.52:753][  0]LogConfig: Applying CVar settings from Section [/Script/Engine.NetworkSettings] File [D:/GameDev/Project/UE/ProjectZero/Saved/Config/Windows/Engine.ini]
[2020.05.06-10.16.52:753][  0]LogConfig: Applying CVar settings from Section [/Script/UnrealEd.CookerSettings] File [D:/GameDev/Project/UE/ProjectZero/Saved/Config/Windows/Engine.ini]
[2020.05.06-10.16.52:756][  0]LogConfig: Applying CVar settings from Section [ViewDistanceQuality@3] File [D:/GameDev/Project/UE/ProjectZero/Saved/Config/Windows/Scalability.ini]
[2020.05.06-10.16.52:756][  0]LogConfig: Setting CVar [[r.SkeletalMeshLODBias:0]]
[2020.05.06-10.16.52:756][  0]LogConfig: Setting CVar [[r.ViewDistanceScale:1.0]]
[2020.05.06-10.16.52:756][  0]LogConfig: Applying CVar settings from Section [AntiAliasingQuality@3] File [D:/GameDev/Project/UE/ProjectZero/Saved/Config/Windows/Scalability.ini]
[2020.05.06-10.16.52:756][  0]LogConfig: Setting CVar [[r.PostProcessAAQuality:4]]
[2020.05.06-10.16.52:756][  0]LogConfig: Applying CVar settings from Section [ShadowQuality@3] File [D:/GameDev/Project/UE/ProjectZero/Saved/Config/Windows/Scalability.ini]
[2020.05.06-10.16.52:756][  0]LogConfig: Setting CVar [[r.LightFunctionQuality:1]]
[2020.05.06-10.16.52:756][  0]LogConfig: Setting CVar [[r.ShadowQuality:5]]
[2020.05.06-10.16.52:756][  0]LogConfig: Setting CVar [[r.Shadow.CSM.MaxCascades:10]]
[2020.05.06-10.16.52:756][  0]LogConfig: Setting CVar [[r.Shadow.MaxResolution:2048]]
[2020.05.06-10.16.52:756][  0]LogConfig: Setting CVar [[r.Shadow.MaxCSMResolution:2048]]
[2020.05.06-10.16.52:756][  0]LogConfig: Setting CVar [[r.Shadow.RadiusThreshold:0.01]]
[2020.05.06-10.16.52:756][  0]LogConfig: Setting CVar [[r.Shadow.DistanceScale:1.0]]
[2020.05.06-10.16.52:756][  0]LogConfig: Setting CVar [[r.Shadow.CSM.TransitionScale:1.0]]
[2020.05.06-10.16.52:756][  0]LogConfig: Setting CVar [[r.Shadow.PreShadowResolutionFactor:1.0]]
[2020.05.06-10.16.52:756][  0]LogConfig: Setting CVar [[r.DistanceFieldShadowing:1]]
[2020.05.06-10.16.52:756][  0]LogConfig: Setting CVar [[r.DistanceFieldAO:1]]
[2020.05.06-10.16.52:756][  0]LogConfig: Setting CVar [[r.AOQuality:2]]
[2020.05.06-10.16.52:756][  0]LogConfig: Setting CVar [[r.VolumetricFog:1]]
[2020.05.06-10.16.52:756][  0]LogConfig: Setting CVar [[r.VolumetricFog.GridPixelSize:8]]
[2020.05.06-10.16.52:756][  0]LogConfig: Setting CVar [[r.VolumetricFog.GridSizeZ:128]]
[2020.05.06-10.16.52:756][  0]LogConfig: Setting CVar [[r.VolumetricFog.HistoryMissSupersampleCount:4]]
[2020.05.06-10.16.52:756][  0]LogConfig: Setting CVar [[r.LightMaxDrawDistanceScale:1]]
[2020.05.06-10.16.52:756][  0]LogConfig: Setting CVar [[r.CapsuleShadows:1]]
[2020.05.06-10.16.52:756][  0]LogConfig: Applying CVar settings from Section [PostProcessQuality@3] File [D:/GameDev/Project/UE/ProjectZero/Saved/Config/Windows/Scalability.ini]
[2020.05.06-10.16.52:756][  0]LogConfig: Setting CVar [[r.MotionBlurQuality:4]]
[2020.05.06-10.16.52:756][  0]LogConfig: Setting CVar [[r.AmbientOcclusionMipLevelFactor:0.4]]
[2020.05.06-10.16.52:756][  0]LogConfig: Setting CVar [[r.AmbientOcclusionMaxQuality:100]]
[2020.05.06-10.16.52:756][  0]LogConfig: Setting CVar [[r.AmbientOcclusionLevels:-1]]
[2020.05.06-10.16.52:756][  0]LogConfig: Setting CVar [[r.AmbientOcclusionRadiusScale:1.0]]
[2020.05.06-10.16.52:756][  0]LogConfig: Setting CVar [[r.DepthOfFieldQuality:2]]
[2020.05.06-10.16.52:756][  0]LogConfig: Setting CVar [[r.RenderTargetPoolMin:400]]
[2020.05.06-10.16.52:756][  0]LogConfig: Setting CVar [[r.LensFlareQuality:2]]
[2020.05.06-10.16.52:756][  0]LogConfig: Setting CVar [[r.SceneColorFringeQuality:1]]
[2020.05.06-10.16.52:757][  0]LogConfig: Setting CVar [[r.EyeAdaptationQuality:2]]
[2020.05.06-10.16.52:757][  0]LogConfig: Setting CVar [[r.BloomQuality:5]]
[2020.05.06-10.16.52:757][  0]LogConfig: Setting CVar [[r.FastBlurThreshold:100]]
[2020.05.06-10.16.52:757][  0]LogConfig: Setting CVar [[r.Upscale.Quality:3]]
[2020.05.06-10.16.52:757][  0]LogConfig: Setting CVar [[r.Tonemapper.GrainQuantization:1]]
[2020.05.06-10.16.52:757][  0]LogConfig: Setting CVar [[r.LightShaftQuality:1]]
[2020.05.06-10.16.52:757][  0]LogConfig: Setting CVar [[r.Filter.SizeScale:1]]
[2020.05.06-10.16.52:757][  0]LogConfig: Setting CVar [[r.Tonemapper.Quality:5]]
[2020.05.06-10.16.52:757][  0]LogConfig: Setting CVar [[r.DOF.Gather.AccumulatorQuality:1        ; higher gathering accumulator quality]]
[2020.05.06-10.16.52:757][  0]LogConfig: Setting CVar [[r.DOF.Gather.PostfilterMethod:1          ; Median3x3 postfilering method]]
[2020.05.06-10.16.52:757][  0]LogConfig: Setting CVar [[r.DOF.Gather.EnableBokehSettings:0       ; no bokeh simulation when gathering]]
[2020.05.06-10.16.52:757][  0]LogConfig: Setting CVar [[r.DOF.Gather.RingCount:4                 ; medium number of samples when gathering]]
[2020.05.06-10.16.52:757][  0]LogConfig: Setting CVar [[r.DOF.Scatter.ForegroundCompositing:1    ; additive foreground scattering]]
[2020.05.06-10.16.52:757][  0]LogConfig: Setting CVar [[r.DOF.Scatter.BackgroundCompositing:2    ; additive background scattering]]
[2020.05.06-10.16.52:757][  0]LogConfig: Setting CVar [[r.DOF.Scatter.EnableBokehSettings:1      ; bokeh simulation when scattering]]
[2020.05.06-10.16.52:757][  0]LogConfig: Setting CVar [[r.DOF.Scatter.MaxSpriteRatio:0.1         ; only a maximum of 10% of scattered bokeh]]
[2020.05.06-10.16.52:757][  0]LogConfig: Setting CVar [[r.DOF.Recombine.Quality:1                ; cheap slight out of focus]]
[2020.05.06-10.16.52:757][  0]LogConfig: Setting CVar [[r.DOF.Recombine.EnableBokehSettings:0    ; no bokeh simulation on slight out of focus]]
[2020.05.06-10.16.52:757][  0]LogConfig: Setting CVar [[r.DOF.TemporalAAQuality:1                ; more stable temporal accumulation]]
[2020.05.06-10.16.52:757][  0]LogConfig: Setting CVar [[r.DOF.Kernel.MaxForegroundRadius:0.025]]
[2020.05.06-10.16.52:757][  0]LogConfig: Setting CVar [[r.DOF.Kernel.MaxBackgroundRadius:0.025]]
[2020.05.06-10.16.52:757][  0]LogConfig: Applying CVar settings from Section [TextureQuality@3] File [D:/GameDev/Project/UE/ProjectZero/Saved/Config/Windows/Scalability.ini]
[2020.05.06-10.16.52:757][  0]LogConfig: Setting CVar [[r.Streaming.MipBias:0]]
[2020.05.06-10.16.52:757][  0]LogConfig: Setting CVar [[r.Streaming.AmortizeCPUToGPUCopy:0]]
[2020.05.06-10.16.52:757][  0]LogConfig: Setting CVar [[r.Streaming.MaxNumTexturesToStreamPerFrame:0]]
[2020.05.06-10.16.52:757][  0]LogConfig: Setting CVar [[r.Streaming.Boost:1]]
[2020.05.06-10.16.52:757][  0]LogConfig: Setting CVar [[r.MaxAnisotropy:8]]
[2020.05.06-10.16.52:757][  0]LogConfig: Setting CVar [[r.VT.MaxAnisotropy:8]]
[2020.05.06-10.16.52:757][  0]LogConfig: Setting CVar [[r.Streaming.LimitPoolSizeToVRAM:0]]
[2020.05.06-10.16.52:757][  0]LogConfig: Setting CVar [[r.Streaming.PoolSize:1000]]
[2020.05.06-10.16.52:757][  0]LogConfig: Setting CVar [[r.Streaming.MaxEffectiveScreenSize:0]]
[2020.05.06-10.16.52:757][  0]LogConfig: Applying CVar settings from Section [EffectsQuality@3] File [D:/GameDev/Project/UE/ProjectZero/Saved/Config/Windows/Scalability.ini]
[2020.05.06-10.16.52:757][  0]LogConfig: Setting CVar [[r.TranslucencyLightingVolumeDim:64]]
[2020.05.06-10.16.52:757][  0]LogConfig: Setting CVar [[r.RefractionQuality:2]]
[2020.05.06-10.16.52:757][  0]LogConfig: Setting CVar [[r.SSR.Quality:3]]
[2020.05.06-10.16.52:757][  0]LogConfig: Setting CVar [[r.SSR.HalfResSceneColor:0]]
[2020.05.06-10.16.52:757][  0]LogConfig: Setting CVar [[r.SceneColorFormat:4]]
[2020.05.06-10.16.52:757][  0]LogConfig: Setting CVar [[r.DetailMode:2]]
[2020.05.06-10.16.52:757][  0]LogConfig: Setting CVar [[r.TranslucencyVolumeBlur:1]]
[2020.05.06-10.16.52:757][  0]LogConfig: Setting CVar [[r.MaterialQualityLevel:1 ; High quality]]
[2020.05.06-10.16.52:757][  0]LogConfig: Setting CVar [[r.SSS.Scale:1]]
[2020.05.06-10.16.52:757][  0]LogConfig: Setting CVar [[r.SSS.SampleSet:2]]
[2020.05.06-10.16.52:757][  0]LogConfig: Setting CVar [[r.SSS.Quality:1]]
[2020.05.06-10.16.52:757][  0]LogConfig: Setting CVar [[r.SSS.HalfRes:1]]
[2020.05.06-10.16.52:757][  0]LogConfig: Setting CVar [[r.SSGI.Quality:3]]
[2020.05.06-10.16.52:757][  0]LogConfig: Setting CVar [[r.EmitterSpawnRateScale:1.0]]
[2020.05.06-10.16.52:757][  0]LogConfig: Setting CVar [[r.ParticleLightQuality:2]]
[2020.05.06-10.16.52:757][  0]LogConfig: Setting CVar [[r.SkyAtmosphere.AerialPerspectiveLUT.FastApplyOnOpaque:1 ; Always have FastSkyLUT 1 in this case to avoid wrong sky]]
[2020.05.06-10.16.52:757][  0]LogConfig: Setting CVar [[r.SkyAtmosphere.AerialPerspectiveLUT.SampleCountPerSlice:1]]
[2020.05.06-10.16.52:757][  0]LogConfig: Setting CVar [[r.SkyAtmosphere.AerialPerspectiveLUT.DepthResolution:16.0]]
[2020.05.06-10.16.52:757][  0]LogConfig: Setting CVar [[r.SkyAtmosphere.FastSkyLUT:1]]
[2020.05.06-10.16.52:757][  0]LogConfig: Setting CVar [[r.SkyAtmosphere.FastSkyLUT.SampleCountMin:4.0]]
[2020.05.06-10.16.52:757][  0]LogConfig: Setting CVar [[r.SkyAtmosphere.FastSkyLUT.SampleCountMax:32.0]]
[2020.05.06-10.16.52:757][  0]LogConfig: Setting CVar [[r.SkyAtmosphere.SampleCountMin:4.0]]
[2020.05.06-10.16.52:757][  0]LogConfig: Setting CVar [[r.SkyAtmosphere.SampleCountMax:32.0]]
[2020.05.06-10.16.52:757][  0]LogConfig: Setting CVar [[r.SkyAtmosphere.TransmittanceLUT.UseSmallFormat:0]]
[2020.05.06-10.16.52:757][  0]LogConfig: Setting CVar [[r.SkyAtmosphere.TransmittanceLUT.SampleCount:10.0]]
[2020.05.06-10.16.52:757][  0]LogConfig: Setting CVar [[r.SkyAtmosphere.MultiScatteringLUT.SampleCount:15.0]]
[2020.05.06-10.16.52:757][  0]LogConfig: Applying CVar settings from Section [FoliageQuality@3] File [D:/GameDev/Project/UE/ProjectZero/Saved/Config/Windows/Scalability.ini]
[2020.05.06-10.16.52:757][  0]LogConfig: Setting CVar [[foliage.DensityScale:1.0]]
[2020.05.06-10.16.52:757][  0]LogConfig: Setting CVar [[grass.DensityScale:1.0]]
[2020.05.06-10.16.52:757][  0]LogConfig: Applying CVar settings from Section [ShadingQuality@3] File [D:/GameDev/Project/UE/ProjectZero/Saved/Config/Windows/Scalability.ini]
[2020.05.06-10.16.52:757][  0]LogConfig: Setting CVar [[r.HairStrands.SkyLighting.SampleCount:16]]
[2020.05.06-10.16.52:757][  0]LogConfig: Setting CVar [[r.HairStrands.SkyLighting.JitterIntegration:0]]
[2020.05.06-10.16.52:757][  0]LogConfig: Setting CVar [[r.HairStrands.SkyAO.SampleCount:16]]
[2020.05.06-10.16.52:757][  0]LogInit: Selected Device Profile: [Windows]
[2020.05.06-10.16.52:757][  0]LogInit: Applying CVar settings loaded from the selected device profile: [Windows]
[2020.05.06-10.16.52:761][  0]LogHAL: Display: Platform has ~ 16 GB [17125187584 / 17179869184 / 16], which maps to Larger [LargestMinGB=32, LargerMinGB=12, DefaultMinGB=8, SmallerMinGB=6, SmallestMinGB=0)
[2020.05.06-10.16.52:761][  0]LogInit: Going up to parent DeviceProfile []
[2020.05.06-10.16.52:761][  0]LogConfig: Applying CVar settings from Section [ViewDistanceQuality@3] File [D:/GameDev/Project/UE/ProjectZero/Saved/Config/Windows/Scalability.ini]
[2020.05.06-10.16.52:761][  0]LogConfig: Setting CVar [[r.SkeletalMeshLODBias:0]]
[2020.05.06-10.16.52:761][  0]LogConfig: Setting CVar [[r.ViewDistanceScale:1.0]]
[2020.05.06-10.16.52:761][  0]LogConfig: Applying CVar settings from Section [AntiAliasingQuality@3] File [D:/GameDev/Project/UE/ProjectZero/Saved/Config/Windows/Scalability.ini]
[2020.05.06-10.16.52:761][  0]LogConfig: Setting CVar [[r.PostProcessAAQuality:4]]
[2020.05.06-10.16.52:761][  0]LogConfig: Applying CVar settings from Section [ShadowQuality@3] File [D:/GameDev/Project/UE/ProjectZero/Saved/Config/Windows/Scalability.ini]
[2020.05.06-10.16.52:761][  0]LogConfig: Setting CVar [[r.LightFunctionQuality:1]]
[2020.05.06-10.16.52:761][  0]LogConfig: Setting CVar [[r.ShadowQuality:5]]
[2020.05.06-10.16.52:761][  0]LogConfig: Setting CVar [[r.Shadow.CSM.MaxCascades:10]]
[2020.05.06-10.16.52:761][  0]LogConfig: Setting CVar [[r.Shadow.MaxResolution:2048]]
[2020.05.06-10.16.52:761][  0]LogConfig: Setting CVar [[r.Shadow.MaxCSMResolution:2048]]
[2020.05.06-10.16.52:761][  0]LogConfig: Setting CVar [[r.Shadow.RadiusThreshold:0.01]]
[2020.05.06-10.16.52:761][  0]LogConfig: Setting CVar [[r.Shadow.DistanceScale:1.0]]
[2020.05.06-10.16.52:761][  0]LogConfig: Setting CVar [[r.Shadow.CSM.TransitionScale:1.0]]
[2020.05.06-10.16.52:761][  0]LogConfig: Setting CVar [[r.Shadow.PreShadowResolutionFactor:1.0]]
[2020.05.06-10.16.52:761][  0]LogConfig: Setting CVar [[r.DistanceFieldShadowing:1]]
[2020.05.06-10.16.52:761][  0]LogConfig: Setting CVar [[r.DistanceFieldAO:1]]
[2020.05.06-10.16.52:761][  0]LogConfig: Setting CVar [[r.AOQuality:2]]
[2020.05.06-10.16.52:761][  0]LogConfig: Setting CVar [[r.VolumetricFog:1]]
[2020.05.06-10.16.52:762][  0]LogConfig: Setting CVar [[r.VolumetricFog.GridPixelSize:8]]
[2020.05.06-10.16.52:762][  0]LogConfig: Setting CVar [[r.VolumetricFog.GridSizeZ:128]]
[2020.05.06-10.16.52:762][  0]LogConfig: Setting CVar [[r.VolumetricFog.HistoryMissSupersampleCount:4]]
[2020.05.06-10.16.52:762][  0]LogConfig: Setting CVar [[r.LightMaxDrawDistanceScale:1]]
[2020.05.06-10.16.52:762][  0]LogConfig: Setting CVar [[r.CapsuleShadows:1]]
[2020.05.06-10.16.52:762][  0]LogConfig: Applying CVar settings from Section [PostProcessQuality@3] File [D:/GameDev/Project/UE/ProjectZero/Saved/Config/Windows/Scalability.ini]
[2020.05.06-10.16.52:762][  0]LogConfig: Setting CVar [[r.MotionBlurQuality:4]]
[2020.05.06-10.16.52:762][  0]LogConfig: Setting CVar [[r.AmbientOcclusionMipLevelFactor:0.4]]
[2020.05.06-10.16.52:762][  0]LogConfig: Setting CVar [[r.AmbientOcclusionMaxQuality:100]]
[2020.05.06-10.16.52:762][  0]LogConfig: Setting CVar [[r.AmbientOcclusionLevels:-1]]
[2020.05.06-10.16.52:762][  0]LogConfig: Setting CVar [[r.AmbientOcclusionRadiusScale:1.0]]
[2020.05.06-10.16.52:762][  0]LogConfig: Setting CVar [[r.DepthOfFieldQuality:2]]
[2020.05.06-10.16.52:762][  0]LogConfig: Setting CVar [[r.RenderTargetPoolMin:400]]
[2020.05.06-10.16.52:762][  0]LogConfig: Setting CVar [[r.LensFlareQuality:2]]
[2020.05.06-10.16.52:762][  0]LogConfig: Setting CVar [[r.SceneColorFringeQuality:1]]
[2020.05.06-10.16.52:762][  0]LogConfig: Setting CVar [[r.EyeAdaptationQuality:2]]
[2020.05.06-10.16.52:762][  0]LogConfig: Setting CVar [[r.BloomQuality:5]]
[2020.05.06-10.16.52:762][  0]LogConfig: Setting CVar [[r.FastBlurThreshold:100]]
[2020.05.06-10.16.52:762][  0]LogConfig: Setting CVar [[r.Upscale.Quality:3]]
[2020.05.06-10.16.52:762][  0]LogConfig: Setting CVar [[r.Tonemapper.GrainQuantization:1]]
[2020.05.06-10.16.52:762][  0]LogConfig: Setting CVar [[r.LightShaftQuality:1]]
[2020.05.06-10.16.52:762][  0]LogConfig: Setting CVar [[r.Filter.SizeScale:1]]
[2020.05.06-10.16.52:762][  0]LogConfig: Setting CVar [[r.Tonemapper.Quality:5]]
[2020.05.06-10.16.52:762][  0]LogConfig: Setting CVar [[r.DOF.Gather.AccumulatorQuality:1        ; higher gathering accumulator quality]]
[2020.05.06-10.16.52:762][  0]LogConfig: Setting CVar [[r.DOF.Gather.PostfilterMethod:1          ; Median3x3 postfilering method]]
[2020.05.06-10.16.52:762][  0]LogConfig: Setting CVar [[r.DOF.Gather.EnableBokehSettings:0       ; no bokeh simulation when gathering]]
[2020.05.06-10.16.52:762][  0]LogConfig: Setting CVar [[r.DOF.Gather.RingCount:4                 ; medium number of samples when gathering]]
[2020.05.06-10.16.52:762][  0]LogConfig: Setting CVar [[r.DOF.Scatter.ForegroundCompositing:1    ; additive foreground scattering]]
[2020.05.06-10.16.52:762][  0]LogConfig: Setting CVar [[r.DOF.Scatter.BackgroundCompositing:2    ; additive background scattering]]
[2020.05.06-10.16.52:762][  0]LogConfig: Setting CVar [[r.DOF.Scatter.EnableBokehSettings:1      ; bokeh simulation when scattering]]
[2020.05.06-10.16.52:762][  0]LogConfig: Setting CVar [[r.DOF.Scatter.MaxSpriteRatio:0.1         ; only a maximum of 10% of scattered bokeh]]
[2020.05.06-10.16.52:762][  0]LogConfig: Setting CVar [[r.DOF.Recombine.Quality:1                ; cheap slight out of focus]]
[2020.05.06-10.16.52:762][  0]LogConfig: Setting CVar [[r.DOF.Recombine.EnableBokehSettings:0    ; no bokeh simulation on slight out of focus]]
[2020.05.06-10.16.52:762][  0]LogConfig: Setting CVar [[r.DOF.TemporalAAQuality:1                ; more stable temporal accumulation]]
[2020.05.06-10.16.52:762][  0]LogConfig: Setting CVar [[r.DOF.Kernel.MaxForegroundRadius:0.025]]
[2020.05.06-10.16.52:762][  0]LogConfig: Setting CVar [[r.DOF.Kernel.MaxBackgroundRadius:0.025]]
[2020.05.06-10.16.52:762][  0]LogConfig: Applying CVar settings from Section [TextureQuality@3] File [D:/GameDev/Project/UE/ProjectZero/Saved/Config/Windows/Scalability.ini]
[2020.05.06-10.16.52:762][  0]LogConfig: Setting CVar [[r.Streaming.MipBias:0]]
[2020.05.06-10.16.52:762][  0]LogConfig: Setting CVar [[r.Streaming.AmortizeCPUToGPUCopy:0]]
[2020.05.06-10.16.52:762][  0]LogConfig: Setting CVar [[r.Streaming.MaxNumTexturesToStreamPerFrame:0]]
[2020.05.06-10.16.52:762][  0]LogConfig: Setting CVar [[r.Streaming.Boost:1]]
[2020.05.06-10.16.52:762][  0]LogConfig: Setting CVar [[r.MaxAnisotropy:8]]
[2020.05.06-10.16.52:762][  0]LogConfig: Setting CVar [[r.VT.MaxAnisotropy:8]]
[2020.05.06-10.16.52:762][  0]LogConfig: Setting CVar [[r.Streaming.LimitPoolSizeToVRAM:0]]
[2020.05.06-10.16.52:762][  0]LogConfig: Setting CVar [[r.Streaming.PoolSize:1000]]
[2020.05.06-10.16.52:762][  0]LogConfig: Setting CVar [[r.Streaming.MaxEffectiveScreenSize:0]]
[2020.05.06-10.16.52:762][  0]LogConfig: Applying CVar settings from Section [EffectsQuality@3] File [D:/GameDev/Project/UE/ProjectZero/Saved/Config/Windows/Scalability.ini]
[2020.05.06-10.16.52:762][  0]LogConfig: Setting CVar [[r.TranslucencyLightingVolumeDim:64]]
[2020.05.06-10.16.52:762][  0]LogConfig: Setting CVar [[r.RefractionQuality:2]]
[2020.05.06-10.16.52:762][  0]LogConfig: Setting CVar [[r.SSR.Quality:3]]
[2020.05.06-10.16.52:762][  0]LogConfig: Setting CVar [[r.SSR.HalfResSceneColor:0]]
[2020.05.06-10.16.52:762][  0]LogConfig: Setting CVar [[r.SceneColorFormat:4]]
[2020.05.06-10.16.52:762][  0]LogConfig: Setting CVar [[r.DetailMode:2]]
[2020.05.06-10.16.52:762][  0]LogConfig: Setting CVar [[r.TranslucencyVolumeBlur:1]]
[2020.05.06-10.16.52:762][  0]LogConfig: Setting CVar [[r.MaterialQualityLevel:1 ; High quality]]
[2020.05.06-10.16.52:762][  0]LogConfig: Setting CVar [[r.SSS.Scale:1]]
[2020.05.06-10.16.52:762][  0]LogConfig: Setting CVar [[r.SSS.SampleSet:2]]
[2020.05.06-10.16.52:762][  0]LogConfig: Setting CVar [[r.SSS.Quality:1]]
[2020.05.06-10.16.52:762][  0]LogConfig: Setting CVar [[r.SSS.HalfRes:1]]
[2020.05.06-10.16.52:762][  0]LogConfig: Setting CVar [[r.SSGI.Quality:3]]
[2020.05.06-10.16.52:762][  0]LogConfig: Setting CVar [[r.EmitterSpawnRateScale:1.0]]
[2020.05.06-10.16.52:762][  0]LogConfig: Setting CVar [[r.ParticleLightQuality:2]]
[2020.05.06-10.16.52:762][  0]LogConfig: Setting CVar [[r.SkyAtmosphere.AerialPerspectiveLUT.FastApplyOnOpaque:1 ; Always have FastSkyLUT 1 in this case to avoid wrong sky]]
[2020.05.06-10.16.52:762][  0]LogConfig: Setting CVar [[r.SkyAtmosphere.AerialPerspectiveLUT.SampleCountPerSlice:1]]
[2020.05.06-10.16.52:762][  0]LogConfig: Setting CVar [[r.SkyAtmosphere.AerialPerspectiveLUT.DepthResolution:16.0]]
[2020.05.06-10.16.52:762][  0]LogConfig: Setting CVar [[r.SkyAtmosphere.FastSkyLUT:1]]
[2020.05.06-10.16.52:762][  0]LogConfig: Setting CVar [[r.SkyAtmosphere.FastSkyLUT.SampleCountMin:4.0]]
[2020.05.06-10.16.52:762][  0]LogConfig: Setting CVar [[r.SkyAtmosphere.FastSkyLUT.SampleCountMax:32.0]]
[2020.05.06-10.16.52:762][  0]LogConfig: Setting CVar [[r.SkyAtmosphere.SampleCountMin:4.0]]
[2020.05.06-10.16.52:762][  0]LogConfig: Setting CVar [[r.SkyAtmosphere.SampleCountMax:32.0]]
[2020.05.06-10.16.52:762][  0]LogConfig: Setting CVar [[r.SkyAtmosphere.TransmittanceLUT.UseSmallFormat:0]]
[2020.05.06-10.16.52:762][  0]LogConfig: Setting CVar [[r.SkyAtmosphere.TransmittanceLUT.SampleCount:10.0]]
[2020.05.06-10.16.52:762][  0]LogConfig: Setting CVar [[r.SkyAtmosphere.MultiScatteringLUT.SampleCount:15.0]]
[2020.05.06-10.16.52:762][  0]LogConfig: Applying CVar settings from Section [FoliageQuality@3] File [D:/GameDev/Project/UE/ProjectZero/Saved/Config/Windows/Scalability.ini]
[2020.05.06-10.16.52:762][  0]LogConfig: Setting CVar [[foliage.DensityScale:1.0]]
[2020.05.06-10.16.52:762][  0]LogConfig: Setting CVar [[grass.DensityScale:1.0]]
[2020.05.06-10.16.52:762][  0]LogConfig: Applying CVar settings from Section [ShadingQuality@3] File [D:/GameDev/Project/UE/ProjectZero/Saved/Config/Windows/Scalability.ini]
[2020.05.06-10.16.52:762][  0]LogConfig: Setting CVar [[r.HairStrands.SkyLighting.SampleCount:16]]
[2020.05.06-10.16.52:762][  0]LogConfig: Setting CVar [[r.HairStrands.SkyLighting.JitterIntegration:0]]
[2020.05.06-10.16.52:762][  0]LogConfig: Setting CVar [[r.HairStrands.SkyAO.SampleCount:16]]
[2020.05.06-10.16.52:762][  0]LogConfig: Applying CVar settings from Section [Startup] File [../../../Engine/Config/ConsoleVariables.ini]
[2020.05.06-10.16.52:763][  0]LogConfig: Setting CVar [[net.UseAdaptiveNetUpdateFrequency:0]]
[2020.05.06-10.16.52:763][  0]LogConfig: Setting CVar [[p.chaos.AllowCreatePhysxBodies:1]]
[2020.05.06-10.16.52:763][  0]LogConfig: Applying CVar settings from Section [ConsoleVariables] File [D:/GameDev/Project/UE/ProjectZero/Saved/Config/Windows/Engine.ini]
[2020.05.06-10.16.52:763][  0]LogInit: Computer: NINTH
[2020.05.06-10.16.52:763][  0]LogInit: User: Edel
[2020.05.06-10.16.52:763][  0]LogInit: CPU Page size=4096, Cores=6
[2020.05.06-10.16.52:763][  0]LogInit: High frequency timer resolution =10.000000 MHz
[2020.05.06-10.16.52:763][  0]LogMemory: Memory total: Physical=15.9GB (16GB approx)
[2020.05.06-10.16.52:763][  0]LogMemory: Platform Memory Stats for Windows
[2020.05.06-10.16.52:763][  0]LogMemory: Process Physical Memory: 104.97 MB used, 104.98 MB peak
[2020.05.06-10.16.52:763][  0]LogMemory: Process Virtual Memory: 101.41 MB used, 101.41 MB peak
[2020.05.06-10.16.52:763][  0]LogMemory: Physical Memory: 9333.84 MB used,  6998.01 MB free, 16331.85 MB total
[2020.05.06-10.16.52:763][  0]LogMemory: Virtual Memory: 5159.39 MB used,  134212568.00 MB free, 134217728.00 MB total
[2020.05.06-10.16.52:766][  0]LogWindows: WindowsPlatformFeatures enabled
[2020.05.06-10.16.52:795][  0]LogInit: Using OS detected language (ru-RU).
[2020.05.06-10.16.52:795][  0]LogInit: Using OS detected locale (en-VG).
[2020.05.06-10.16.52:796][  0]LogTextLocalizationManager: No specific localization for 'ru-RU' exists, so the 'ru' localization will be used.
[2020.05.06-10.16.52:796][  0]LogTextLocalizationResource: LocRes '../../../Engine/Content/Localization/Editor/ru/Editor.locres' could not be opened for reading!
[2020.05.06-10.16.52:797][  0]LogTextLocalizationResource: LocRes '../../../Engine/Content/Localization/EditorTutorials/ru/EditorTutorials.locres' could not be opened for reading!
[2020.05.06-10.16.52:797][  0]LogTextLocalizationResource: LocRes '../../../Engine/Content/Localization/Keywords/ru/Keywords.locres' could not be opened for reading!
[2020.05.06-10.16.52:797][  0]LogTextLocalizationResource: LocRes '../../../Engine/Content/Localization/Category/ru/Category.locres' could not be opened for reading!
[2020.05.06-10.16.52:798][  0]LogTextLocalizationResource: LocRes '../../../Engine/Content/Localization/ToolTips/ru/ToolTips.locres' could not be opened for reading!
[2020.05.06-10.16.52:798][  0]LogTextLocalizationResource: LocRes '../../../Engine/Content/Localization/PropertyNames/ru/PropertyNames.locres' could not be opened for reading!
[2020.05.06-10.16.52:798][  0]LogTextLocalizationResource: LocRes '../../../Engine/Content/Localization/Engine/ru/Engine.locres' could not be opened for reading!
[2020.05.06-10.16.52:800][  0]LogInit: Setting process to per monitor DPI aware
[2020.05.06-10.16.52:828][  0]LogSlate: New Slate User Created.  User Index 0, Is Virtual User: 0
[2020.05.06-10.16.52:828][  0]LogSlate: Slate User Registered.  User Index 0, Is Virtual User: 0
[2020.05.06-10.16.52:997][  0]LogD3D12RHI: Aftermath initialized
[2020.05.06-10.16.52:997][  0]LogD3D12RHI: Loading WinPixEventRuntime.dll for PIX profiling (from ../../../Engine/Binaries/ThirdParty/Windows/DirectX/x64).
[2020.05.06-10.16.53:009][  0]LogHMD: Failed to initialize OpenVR with code 110
[2020.05.06-10.16.53:110][  0]LogD3D12RHI: Found D3D12 adapter 0: NVIDIA GeForce GTX 1070 Ti (Max supported Feature Level 12_1)
[2020.05.06-10.16.53:110][  0]LogD3D12RHI: Adapter has 8079MB of dedicated video memory, 0MB of dedicated system memory, and 8165MB of shared system memory, 1 output[s]
[2020.05.06-10.16.53:123][  0]LogD3D12RHI: Found D3D12 adapter 1: Microsoft Basic Render Driver (Max supported Feature Level 12_1)
[2020.05.06-10.16.53:123][  0]LogD3D12RHI: Adapter has 0MB of dedicated video memory, 0MB of dedicated system memory, and 8165MB of shared system memory, 0 output[s]
[2020.05.06-10.16.53:123][  0]LogD3D12RHI: Forcing D3D12.AsyncDeferredDeletion=0 as a workaround for a deadlock.
[2020.05.06-10.16.53:123][  0]LogD3D12RHI: Chosen D3D12 Adapter Id = 0
[2020.05.06-10.16.53:131][  0]LogD3D12RHI: Emitting draw events for PIX profiling.
[2020.05.06-10.16.53:185][  0]LogD3D12RHI: D3D12 ray tracing enabled.
[2020.05.06-10.16.53:187][  0]LogD3D12RHI: The system supports ID3D12Device1.
[2020.05.06-10.16.53:187][  0]LogD3D12RHI: The system supports ID3D12Device2.
[2020.05.06-10.16.53:286][  0]LogD3D12RHI: Display: Not using pipeline state disk cache per r.D3D12.PSO.DiskCache=0
[2020.05.06-10.16.53:286][  0]LogD3D12RHI: Display: Not using driver-optimized pipeline state disk cache per r.D3D12.PSO.DriverOptimizedDiskCache=0
[2020.05.06-10.16.53:289][  0]LogD3D12RHI:     GPU DeviceId: 0x1b82 (for the marketing name, search the web for "GPU Device Id")
[2020.05.06-10.16.53:289][  0]LogWindows: EnumDisplayDevices:
[2020.05.06-10.16.53:289][  0]LogWindows:    0. 'NVIDIA GeForce GTX 1070 Ti' (P:1 D:1)
[2020.05.06-10.16.53:289][  0]LogWindows:    1. 'NVIDIA GeForce GTX 1070 Ti' (P:0 D:0)
[2020.05.06-10.16.53:290][  0]LogWindows:    2. 'NVIDIA GeForce GTX 1070 Ti' (P:0 D:0)
[2020.05.06-10.16.53:290][  0]LogWindows:    3. 'NVIDIA GeForce GTX 1070 Ti' (P:0 D:0)
[2020.05.06-10.16.53:290][  0]LogWindows: DebugString: FoundDriverCount:4 
[2020.05.06-10.16.53:290][  0]LogD3D12RHI:     Adapter Name: NVIDIA GeForce GTX 1070 Ti
[2020.05.06-10.16.53:290][  0]LogD3D12RHI:   Driver Version: 445.87 (internal:26.21.14.4587, unified:445.87)
[2020.05.06-10.16.53:290][  0]LogD3D12RHI:      Driver Date: 4-3-2020
[2020.05.06-10.16.53:290][  0]LogRHI: Texture pool is 4326 MB (70% of 6180 MB)
[2020.05.06-10.16.53:290][  0]LogD3D12RHI: Async texture creation enabled
[2020.05.06-10.16.53:290][  0]LogD3D12RHI: RHI has support for 64 bit atomics
[2020.05.06-10.16.53:621][  0]LogTargetPlatformManager: Display: Loaded TargetPlatform 'AllDesktop'
[2020.05.06-10.16.53:648][  0]LogTargetPlatformManager: Display: Loaded TargetPlatform 'Android'
[2020.05.06-10.16.53:648][  0]LogTargetPlatformManager: Display: Loaded TargetPlatform 'Android_ASTC'
[2020.05.06-10.16.53:648][  0]LogTargetPlatformManager: Display: Loaded TargetPlatform 'Android_ATC'
[2020.05.06-10.16.53:648][  0]LogTargetPlatformManager: Display: Loaded TargetPlatform 'Android_DXT'
[2020.05.06-10.16.53:648][  0]LogTargetPlatformManager: Display: Loaded TargetPlatform 'Android_ETC1'
[2020.05.06-10.16.53:648][  0]LogTargetPlatformManager: Display: Loaded TargetPlatform 'Android_ETC1a'
[2020.05.06-10.16.53:648][  0]LogTargetPlatformManager: Display: Loaded TargetPlatform 'Android_ETC2'
[2020.05.06-10.16.53:649][  0]LogTargetPlatformManager: Display: Loaded TargetPlatform 'Android_PVRTC'
[2020.05.06-10.16.53:649][  0]LogTargetPlatformManager: Display: Loaded TargetPlatform 'AndroidClient'
[2020.05.06-10.16.53:649][  0]LogTargetPlatformManager: Display: Loaded TargetPlatform 'Android_ASTCClient'
[2020.05.06-10.16.53:649][  0]LogTargetPlatformManager: Display: Loaded TargetPlatform 'Android_ATCClient'
[2020.05.06-10.16.53:649][  0]LogTargetPlatformManager: Display: Loaded TargetPlatform 'Android_DXTClient'
[2020.05.06-10.16.53:649][  0]LogTargetPlatformManager: Display: Loaded TargetPlatform 'Android_ETC1Client'
[2020.05.06-10.16.53:649][  0]LogTargetPlatformManager: Display: Loaded TargetPlatform 'Android_ETC1aClient'
[2020.05.06-10.16.53:649][  0]LogTargetPlatformManager: Display: Loaded TargetPlatform 'Android_ETC2Client'
[2020.05.06-10.16.53:649][  0]LogTargetPlatformManager: Display: Loaded TargetPlatform 'Android_PVRTCClient'
[2020.05.06-10.16.53:649][  0]LogTargetPlatformManager: Display: Loaded TargetPlatform 'Android_Multi'
[2020.05.06-10.16.53:649][  0]LogTargetPlatformManager: Display: Loaded TargetPlatform 'Android_MultiClient'
[2020.05.06-10.16.53:670][  0]LogTargetPlatformManager: Display: Loaded TargetPlatform 'IOSClient'
[2020.05.06-10.16.53:670][  0]LogTargetPlatformManager: Display: Loaded TargetPlatform 'IOS'
[2020.05.06-10.16.53:678][  0]LogTargetPlatformManager: Display: Loaded TargetPlatform 'LinuxNoEditor'
[2020.05.06-10.16.53:686][  0]LogTargetPlatformManager: Display: Loaded TargetPlatform 'LinuxClient'
[2020.05.06-10.16.53:695][  0]LogTargetPlatformManager: Display: Loaded TargetPlatform 'LinuxServer'
[2020.05.06-10.16.53:703][  0]LogTargetPlatformManager: Display: Loaded TargetPlatform 'LinuxAArch64NoEditor'
[2020.05.06-10.16.53:712][  0]LogTargetPlatformManager: Display: Loaded TargetPlatform 'LinuxAArch64Client'
[2020.05.06-10.16.53:719][  0]LogTargetPlatformManager: Display: Loaded TargetPlatform 'LinuxAArch64Server'
[2020.05.06-10.16.53:747][  0]LogTargetPlatformManager: Display: Loaded TargetPlatform 'Lumin'
[2020.05.06-10.16.53:747][  0]LogTargetPlatformManager: Display: Loaded TargetPlatform 'LuminClient'
[2020.05.06-10.16.53:764][  0]LogTargetPlatformManager: Display: Loaded TargetPlatform 'TVOSClient'
[2020.05.06-10.16.53:764][  0]LogTargetPlatformManager: Display: Loaded TargetPlatform 'TVOS'
[2020.05.06-10.16.53:774][  0]LogTargetPlatformManager: Display: Loaded TargetPlatform 'WindowsNoEditor'
[2020.05.06-10.16.53:782][  0]LogTargetPlatformManager: Display: Loaded TargetPlatform 'Windows'
[2020.05.06-10.16.53:790][  0]LogTargetPlatformManager: Display: Loaded TargetPlatform 'WindowsClient'
[2020.05.06-10.16.53:797][  0]LogTargetPlatformManager: Display: Loaded TargetPlatform 'WindowsServer'
[2020.05.06-10.16.53:797][  0]LogTargetPlatformManager: Display: Building Assets For Windows
[2020.05.06-10.16.53:804][  0]LogAudioDebug: Display: Lib vorbis DLL was dynamically loaded.
[2020.05.06-10.16.53:863][  0]LogShaderCompilers: Guid format shader working directory is 11 characters bigger than the processId version (D:/GameDev/Project/UE/ProjectZero/Intermediate/Shaders/WorkingDirectory/5060/).
[2020.05.06-10.16.53:863][  0]LogShaderCompilers: Cleaned the shader compiler working directory 'C:/Users/Max/AppData/Local/Temp/UnrealShaderWorkingDir/3E130F7642224D73A176349ACD439F3C/'.
[2020.05.06-10.16.53:864][  0]LogXGEController: Cannot use XGE Controller as Incredibuild is not installed on this machine.
[2020.05.06-10.16.53:864][  0]LogShaderCompilers: Cannot use XGE Shader Compiler as Incredibuild is not installed on this machine.
[2020.05.06-10.16.53:864][  0]LogShaderCompilers: Display: Using Local Shader Compiler.
[2020.05.06-10.16.54:493][  0]LogDerivedDataCache: Display: Max Cache Size: 512 MB
[2020.05.06-10.16.54:558][  0]LogDerivedDataCache: Loaded boot cache 0.07s 112MB C:/Users/Max/AppData/Local/UnrealEngine/4.24/DerivedDataCache/Boot.ddc.
[2020.05.06-10.16.54:558][  0]LogDerivedDataCache: Display: Loaded Boot cache: C:/Users/Max/AppData/Local/UnrealEngine/4.24/DerivedDataCache/Boot.ddc
[2020.05.06-10.16.54:558][  0]LogDerivedDataCache: FDerivedDataBackendGraph:  Pak pak cache file D:/GameDev/Project/UE/ProjectZero/DerivedDataCache/DDC.ddp not found, will not use a pak cache.
[2020.05.06-10.16.54:558][  0]LogDerivedDataCache: Unable to find inner node Pak for hierarchical cache Hierarchy.
[2020.05.06-10.16.54:558][  0]LogDerivedDataCache: FDerivedDataBackendGraph:  CompressedPak pak cache file D:/GameDev/Project/UE/ProjectZero/DerivedDataCache/Compressed.ddp not found, will not use a pak cache.
[2020.05.06-10.16.54:558][  0]LogDerivedDataCache: Unable to find inner node CompressedPak for hierarchical cache Hierarchy.
[2020.05.06-10.16.54:567][  0]LogDerivedDataCache: Display: Pak cache opened for reading ../../../Engine/DerivedDataCache/Compressed.ddp.
[2020.05.06-10.16.54:567][  0]LogDerivedDataCache: FDerivedDataBackendGraph:  EnterprisePak pak cache file ../../../Enterprise/DerivedDataCache/Compressed.ddp not found, will not use a pak cache.
[2020.05.06-10.16.54:568][  0]LogDerivedDataCache: Unable to find inner node EnterprisePak for hierarchical cache Hierarchy.
[2020.05.06-10.16.54:569][  0]LogDerivedDataCache: Using Local data cache path C:/Users/Max/AppData/Local/UnrealEngine/Common/DerivedDataCache: Writable
[2020.05.06-10.16.54:569][  0]LogDerivedDataCache: Shared data cache path not found in *engine.ini, will not use an Shared cache.
[2020.05.06-10.16.54:569][  0]LogDerivedDataCache: Unable to find inner node Shared for hierarchical cache Hierarchy.
[2020.05.06-10.16.54:594][  0]LogMaterial: Verifying Global Shaders for PCD3D_SM5
[2020.05.06-10.16.54:596][  0]LogSlate: Using FreeType 2.10.0
[2020.05.06-10.16.54:596][  0]LogSlate: SlateFontServices - WITH_FREETYPE: 1, WITH_HARFBUZZ: 1
[2020.05.06-10.16.54:649][  0]LogAssetRegistry: FAssetRegistry took 0.0020 seconds to start up
[2020.05.06-10.16.54:922][  0]LogInit: Selected Device Profile: [Windows]
[2020.05.06-10.16.55:078][  0]LogMeshReduction: Using QuadricMeshReduction for automatic static mesh reduction
[2020.05.06-10.16.55:078][  0]LogMeshReduction: Using SimplygonMeshReduction for automatic skeletal mesh reduction
[2020.05.06-10.16.55:078][  0]LogMeshReduction: Using ProxyLODMeshReduction for automatic mesh merging
[2020.05.06-10.16.55:078][  0]LogMeshReduction: No distributed automatic mesh merging module available
[2020.05.06-10.16.55:078][  0]LogMeshMerging: No distributed automatic mesh merging module available
[2020.05.06-10.16.55:118][  0]LogNetVersion: ProjectZero 1.0.0, NetCL: 10570792, EngineNetVer: 13, GameNetVer: 0 (Checksum: 2714055817)
[2020.05.06-10.16.56:074][  0]LogPackageLocalizationCache: Processed 10 localized package path(s) for 1 prioritized culture(s) in 0.048474 seconds
[2020.05.06-10.16.56:080][  0]LogUObjectArray: 46750 objects as part of root set at end of initial load.
[2020.05.06-10.16.56:080][  0]LogUObjectAllocator: 8137160 out of 0 bytes used by permanent object pool.
[2020.05.06-10.16.56:080][  0]LogUObjectArray: CloseDisregardForGC: 0/0 objects in disregard for GC pool
[2020.05.06-10.16.56:246][  0]LogD3D12RHI: Creating RTPSO with 3 shaders (0 cached, 3 new) took 38.36 ms. Compile time 15.84 ms, link time 22.37 ms.
[2020.05.06-10.16.56:258][  0]LogD3D12RHI: Creating RTPSO with 3 shaders (1 cached, 2 new) took 12.08 ms. Compile time 10.86 ms, link time 1.20 ms.
[2020.05.06-10.16.56:781][  0]LogTcpMessaging: Initializing TcpMessaging bridge
[2020.05.06-10.16.56:785][  0]LogUdpMessaging: Initializing bridge on interface 0.0.0.0:0 to multicast group 230.0.0.1:6666.
[2020.05.06-10.16.56:849][  0]SourceControl: Source control is disabled
[2020.05.06-10.16.56:849][  0]SourceControl: Source control is disabled
[2020.05.06-10.16.56:852][  0]SourceControl: Source control is disabled
[2020.05.06-10.16.56:854][  0]SourceControl: Source control is disabled
[2020.05.06-10.16.56:855][  0]SourceControl: Source control is disabled
[2020.05.06-10.16.56:995][  0]LogAndroidPermission: UAndroidPermissionCallbackProxy::GetInstance
[2020.05.06-10.16.57:010][  0]LogAudioCaptureCore: Display: No Audio Capture implementations found. Audio input will be silent.
[2020.05.06-10.16.57:010][  0]LogAudioCaptureCore: Display: No Audio Capture implementations found. Audio input will be silent.
[2020.05.06-10.16.57:100][  0]LogOcInput: OculusInput pre-init called
[2020.05.06-10.16.57:120][  0]LogWindows: Failed to load 'OVRPlugin.dll' (GetLastError=126)
[2020.05.06-10.16.57:121][  0]LogWindows: File 'OVRPlugin.dll' does not exist
[2020.05.06-10.16.57:186][  0]LogEngine: Initializing Engine...
[2020.05.06-10.16.57:188][  0]LogHMD: Failed to initialize OpenVR with code 110
[2020.05.06-10.16.57:189][  0]LogStats: UGameplayTagsManager::InitializeManager -  0.000 s
[2020.05.06-10.16.57:494][  0]LogInit: Initializing FReadOnlyCVARCache
[2020.05.06-10.16.57:503][  0]LogAIModule: Creating AISystem for world Untitled
[2020.05.06-10.16.57:506][  0]LogAudioMixer: Display: Audio Mixer Platform Settings:
[2020.05.06-10.16.57:506][  0]LogAudioMixer: Display: 	Sample Rate:						  48000
[2020.05.06-10.16.57:506][  0]LogAudioMixer: Display: 	Callback Buffer Frame Size Requested: 1024
[2020.05.06-10.16.57:506][  0]LogAudioMixer: Display: 	Callback Buffer Frame Size To Use:	  1024
[2020.05.06-10.16.57:506][  0]LogAudioMixer: Display: 	Number of buffers to queue:			  2
[2020.05.06-10.16.57:506][  0]LogAudioMixer: Display: 	Max Channels (voices):				  32
[2020.05.06-10.16.57:506][  0]LogAudioMixer: Display: 	Number of Async Source Workers:		  0
[2020.05.06-10.16.57:506][  0]LogAudio: Display: AudioDevice MaxSources: 32
[2020.05.06-10.16.57:506][  0]LogAudio: Display: Using built-in audio occlusion.
[2020.05.06-10.16.57:506][  0]LogAudioMixer: Display: Initializing audio mixer.
[2020.05.06-10.16.57:535][  0]LogAudioMixer: Display: Audio Device Output Speaker Info:
[2020.05.06-10.16.57:535][  0]LogAudioMixer: Display: Name: Динамики (Razer Surround Audio Controller)
[2020.05.06-10.16.57:535][  0]LogAudioMixer: Display: Is Default: Yes
[2020.05.06-10.16.57:535][  0]LogAudioMixer: Display: Sample Rate: 48000
[2020.05.06-10.16.57:535][  0]LogAudioMixer: Display: Channel Count Used: 8
[2020.05.06-10.16.57:535][  0]LogAudioMixer: Display: Device Channel Count: 8
[2020.05.06-10.16.57:535][  0]LogAudioMixer: Display: Channel Order:
[2020.05.06-10.16.57:535][  0]LogAudioMixer: Display: 0: FrontLeft
[2020.05.06-10.16.57:535][  0]LogAudioMixer: Display: 1: FrontRight
[2020.05.06-10.16.57:535][  0]LogAudioMixer: Display: 2: FrontCenter
[2020.05.06-10.16.57:535][  0]LogAudioMixer: Display: 3: LowFrequency
[2020.05.06-10.16.57:535][  0]LogAudioMixer: Display: 4: BackLeft
[2020.05.06-10.16.57:535][  0]LogAudioMixer: Display: 5: BackRight
[2020.05.06-10.16.57:535][  0]LogAudioMixer: Display: 6: SideLeft
[2020.05.06-10.16.57:535][  0]LogAudioMixer: Display: 7: SideRight
[2020.05.06-10.16.57:554][  0]LogAudioMixer: Display: Using Audio Device Динамики (Razer Surround Audio Controller)
[2020.05.06-10.16.57:559][  0]LogInit: FAudioDevice initialized.
[2020.05.06-10.16.57:559][  0]LogNetVersion: Set ProjectVersion to 1.0.0.0. Version Checksum will be recalculated on next use.
[2020.05.06-10.16.57:641][  0]LogDerivedDataCache: Saved boot cache 0.08s 112MB C:/Users/Max/AppData/Local/UnrealEngine/4.24/DerivedDataCache/Boot.ddc.
[2020.05.06-10.16.57:646][  0]LogInit: Texture streaming: Enabled
[2020.05.06-10.16.57:659][  0]LogEngineSessionManager: EngineSessionManager initialized
[2020.05.06-10.16.57:659][  0]LogEditorSessionSummary: Verbose: Initializing EditorSessionSummaryWriter for editor session tracking
[2020.05.06-10.16.57:662][  0]LogEditorSessionSummary: EditorSessionSummaryWriter initialized
[2020.05.06-10.16.57:693][  0]LogInit: Transaction tracking system initialized
[2020.05.06-10.16.57:707][  0]BlueprintLog: New page: Editor Load
[2020.05.06-10.16.57:747][  0]LocalizationService: Localization service is disabled
[2020.05.06-10.16.58:139][  0]LogFileCache: Scanning file cache for directory 'D:/GameDev/Project/UE/ProjectZero/Content/' took 0.00s
[2020.05.06-10.16.58:139][  0]LogCook: Display: Max memory allowance for cook 16384mb min free memory 0mb
[2020.05.06-10.16.58:139][  0]LogCook: Display: Mobile HDR setting 1
[2020.05.06-10.16.58:802][  0]SourceControl: Source control is disabled
[2020.05.06-10.16.58:802][  0]Cmd: MAP LOAD FILE="D:/GameDev/Project/UE/ProjectZero/Content/StarterContent/Maps/Minimal_Default.umap" TEMPLATE=0 SHOWPROGRESS=1 FEATURELEVEL=3
[2020.05.06-10.16.58:847][  0]LightingResults: New page: Lighting Build
[2020.05.06-10.16.58:848][  0]LogWorld: UWorld::CleanupWorld for Untitled, bSessionEnded=true, bCleanupResources=true
[2020.05.06-10.16.58:848][  0]LogSlate: InvalidateAllWidgets triggered.  All widgets were invalidated
[2020.05.06-10.16.58:848][  0]MapCheck: New page: Map Check
[2020.05.06-10.16.58:849][  0]LightingResults: New page: Lighting Build
[2020.05.06-10.16.58:872][  0]LogUObjectHash: Compacting FUObjectHashTables data took   1.44ms
[2020.05.06-10.16.59:609][  0]LogAIModule: Creating AISystem for world Minimal_Default
[2020.05.06-10.16.59:615][  0]LogEditorServer: Finished looking for orphan Actors (0.000 secs)
[2020.05.06-10.16.59:661][  0]LogUObjectHash: Compacting FUObjectHashTables data took   1.59ms
[2020.05.06-10.16.59:661][  0]Cmd: MAP CHECKDEP NOCLEARLOG
[2020.05.06-10.16.59:661][  0]MapCheck: Map check complete: 0 Error(s), 0 Warning(s), took 0.145ms to complete.
[2020.05.06-10.16.59:661][  0]LogFileHelpers: Loading map 'Minimal_Default' took 0.859
[2020.05.06-10.16.59:847][  0]LogSlate: Updating window title bar state: overlay mode, drag disabled, window buttons hidden, title bar hidden
[2020.05.06-10.16.59:855][  0]LogSlate: Updating window title bar state: overlay mode, drag disabled, window buttons hidden, title bar hidden
[2020.05.06-10.16.59:861][  0]LogSlate: Updating window title bar state: overlay mode, drag disabled, window buttons hidden, title bar hidden
[2020.05.06-10.16.59:866][  0]LogSlate: Updating window title bar state: overlay mode, drag disabled, window buttons hidden, title bar hidden
[2020.05.06-10.16.59:877][  0]LogCollectionManager: Loaded 0 collections in 0.001882 seconds
[2020.05.06-10.16.59:903][  0]LogFileCache: Scanning file cache for directory 'D:/GameDev/Project/UE/ProjectZero/Saved/Collections/' took 0.00s
[2020.05.06-10.16.59:903][  0]LogFileCache: Scanning file cache for directory 'D:/GameDev/Project/UE/ProjectZero/Content/Developers/Edel/Collections/' took 0.00s
[2020.05.06-10.16.59:903][  0]LogFileCache: Scanning file cache for directory 'D:/GameDev/Project/UE/ProjectZero/Content/Collections/' took 0.00s
[2020.05.06-10.16.59:903][  0]LogContentBrowser: Native class hierarchy populated in 0.0064 seconds. Added 3015 classes and 717 folders.
[2020.05.06-10.16.59:912][  0]LogContentBrowser: Native class hierarchy updated for 'WidgetCarousel' in 0.0002 seconds. Added 0 classes and 0 folders.
[2020.05.06-10.17.00:048][  0]LogContentBrowser: Native class hierarchy updated for 'AddContentDialog' in 0.0002 seconds. Added 0 classes and 0 folders.
[2020.05.06-10.17.00:059][  0]LogContentBrowser: Native class hierarchy updated for 'SceneOutliner' in 0.0002 seconds. Added 2 classes and 3 folders.
[2020.05.06-10.17.00:216][  0]LogSlate: Took 0.000229 seconds to synchronously load lazily loaded font '../../../Engine/Content/Slate/Fonts/Roboto-Regular.ttf' (155K)
[2020.05.06-10.17.00:218][  0]LogSlate: Took 0.000216 seconds to synchronously load lazily loaded font '../../../Engine/Content/Slate/Fonts/Roboto-Bold.ttf' (160K)
[2020.05.06-10.17.00:223][  0]LogSlate: Took 0.000105 seconds to synchronously load lazily loaded font '../../../Engine/Content/Editor/Slate/Fonts/FontAwesome.ttf' (139K)
[2020.05.06-10.17.00:315][  0]LogRenderer: Reallocating scene render targets to support 1208x572 Format 10 NumSamples 1 (Frame:1).
[2020.05.06-10.17.03:232][  0]LogD3D12RHI: Creating RTPSO with 89 shaders (0 cached, 89 new) took 2762.05 ms. Compile time 2751.55 ms, link time 10.35 ms.
[2020.05.06-10.17.03:540][  0]LogD3D12RHI: Creating RTPSO with 3 shaders (0 cached, 3 new) took 55.43 ms. Compile time 49.01 ms, link time 6.40 ms.
[2020.05.06-10.17.04:142][  0]LogContentBrowser: Native class hierarchy updated for 'HierarchicalLODOutliner' in 0.0002 seconds. Added 0 classes and 0 folders.
[2020.05.06-10.17.04:142][  0]LogLoad: (Engine Initialization) Total time: 13.08 seconds
[2020.05.06-10.17.04:142][  0]LogLoad: (Engine Initialization) Total Blueprint compile time: 0.00 seconds
[2020.05.06-10.17.04:207][  0]LogContentStreaming: Texture pool size now 1000 MB
[2020.05.06-10.17.04:218][  0]LogSlate: Took 0.000839 seconds to synchronously load lazily loaded font '../../../Engine/Content/Slate/Fonts/Roboto-Light.ttf' (167K)
[2020.05.06-10.17.04:308][  2]LogAssetRegistry: Asset discovery search completed in 9.6611 seconds
[2020.05.06-10.17.04:311][  2]LogCollectionManager: Fixed up redirectors for 0 collections in 0.000007 seconds (updated 0 objects)
[2020.05.06-10.17.18:662][  6]LogD3D12RHI: Creating RTPSO with 93 shaders (90 cached, 3 new) took 48.35 ms. Compile time 45.57 ms, link time 2.65 ms.
[2020.05.06-10.17.18:798][  7]LogActorFactory: Actor Factory created Sphere
[2020.05.06-10.17.18:866][  9]LogD3D12RHI: Creating RTPSO with 94 shaders (93 cached, 1 new) took 40.25 ms. Compile time 37.21 ms, link time 2.91 ms.
[2020.05.06-10.17.19:424][ 75]LogActorFactory: Actor Factory created Sphere
[2020.05.06-10.17.19:596][ 78]LogD3D12RHI: Creating RTPSO with 95 shaders (94 cached, 1 new) took 28.17 ms. Compile time 25.36 ms, link time 2.71 ms.
[2020.05.06-10.17.19:643][ 79]LogD3D12RHI: Creating RTPSO with 96 shaders (95 cached, 1 new) took 32.40 ms. Compile time 29.58 ms, link time 2.72 ms.
[2020.05.06-10.26.55:204][323]LogSlate: Took 0.000200 seconds to synchronously load lazily loaded font '../../../Engine/Content/Slate/Fonts/Roboto-Light.ttf' (167K)
[2020.05.06-10.27.04:335][350]LogUObjectHash: Compacting FUObjectHashTables data took   1.21ms
[2020.05.06-10.27.04:472][350]LogSavePackage: Moving 'D:/GameDev/Project/UE/ProjectZero/Saved/Minimal_Default_Auto1D32B0C1E4BC88082F26133944551B5F3.tmp' to 'D:/GameDev/Project/UE/ProjectZero/Saved/Autosaves/Game/StarterContent/Maps/Minimal_Default_Auto1.umap'
[2020.05.06-10.27.04:497][350]LogFileHelpers: Editor autosave (incl. sublevels) for '/Game/StarterContent/Maps/Minimal_Default' took 0.187
[2020.05.06-10.27.04:498][350]LogFileHelpers: Editor autosave (incl. sublevels) for all levels took 0.187
[2020.05.06-10.31.14:421][ 95]LogWindowsTextInputMethodSystem: Display: IME system now deactivated.
[2020.05.06-10.31.14:421][ 95]LogWindowsTextInputMethodSystem: Display: IME system now deactivated.
